Log file open, 04/29/20 11:38:09
LogWindows: Failed to load 'aqProf.dll' (GetLastError=126)
LogWindows: File 'aqProf.dll' does not exist
LogWindows: Failed to load 'VtuneApi.dll' (GetLastError=126)
LogWindows: File 'VtuneApi.dll' does not exist
LogWindows: Failed to load 'VtuneApi32e.dll' (GetLastError=126)
LogWindows: File 'VtuneApi32e.dll' does not exist
LogConsoleResponse: Display: Failed to find resolution value strings in scalability ini. Falling back to default.
LogInit: Display: Running engine for game: NarangCrossyRoad
LogPlatformFile: Not using cached read wrapper
LogTaskGraph: Started task graph with 5 named threads and 35 total threads with 3 sets of task threads.
LogStats: Stats thread started at 0.061445
LogD3D11RHI: Loaded GFSDK_Aftermath_Lib.x64.dll
LogICUInternationalization: ICU TimeZone Detection - Raw Offset: -8:00, Platform Override: ''
LogPluginManager: Mounting plugin Paper2D
LogPluginManager: Mounting plugin AISupport
LogPluginManager: Mounting plugin LightPropagationVolume
LogPluginManager: Mounting plugin ActorLayerUtilities
LogPluginManager: Mounting plugin AnimationSharing
LogPluginManager: Mounting plugin CLionSourceCodeAccess
LogPluginManager: Mounting plugin CodeLiteSourceCodeAccess
LogPluginManager: Mounting plugin GitSourceControl
LogPluginManager: Mounting plugin KDevelopSourceCodeAccess
LogPluginManager: Mounting plugin NullSourceCodeAccess
LogPluginManager: Mounting plugin PerforceSourceControl
LogPluginManager: Mounting plugin PlasticSourceControl
LogPluginManager: Mounting plugin SubversionSourceControl
LogPluginManager: Mounting plugin UObjectPlugin
LogPluginManager: Mounting plugin VisualStudioCodeSourceCodeAccess
LogPluginManager: Mounting plugin VisualStudioSourceCodeAccess
LogPluginManager: Mounting plugin XCodeSourceCodeAccess
LogPluginManager: Mounting plugin AssetManagerEditor
LogPluginManager: Mounting plugin CryptoKeys
LogPluginManager: Mounting plugin CurveEditorTools
LogPluginManager: Mounting plugin DataValidation
LogPluginManager: Mounting plugin FacialAnimation
LogPluginManager: Mounting plugin GameplayTagsEditor
LogPluginManager: Mounting plugin MacGraphicsSwitching
LogPluginManager: Mounting plugin MaterialAnalyzer
LogPluginManager: Mounting plugin MobileLauncherProfileWizard
LogPluginManager: Mounting plugin PluginBrowser
LogPluginManager: Mounting plugin SpeedTreeImporter
LogPluginManager: Mounting plugin DatasmithContent
LogPluginManager: Mounting plugin VariantManagerContent
LogPluginManager: Mounting plugin AlembicImporter
LogPluginManager: Mounting plugin AutomationUtils
LogPluginManager: Mounting plugin BackChannel
LogPluginManager: Mounting plugin CharacterAI
LogPluginManager: Mounting plugin GeometryCache
LogPluginManager: Mounting plugin PlatformCrypto
LogPluginManager: Mounting plugin ProxyLODPlugin
LogPluginManager: Mounting plugin SkeletalReduction
LogPluginManager: Mounting plugin MagicLeap
LogPluginManager: Mounting plugin MagicLeapMedia
LogPluginManager: Mounting plugin MLSDK
LogPluginManager: Mounting plugin AndroidMedia
LogPluginManager: Mounting plugin AvfMedia
LogPluginManager: Mounting plugin ImgMedia
LogPluginManager: Mounting plugin MediaCompositing
LogPluginManager: Mounting plugin MediaPlayerEditor
LogPluginManager: Mounting plugin WebMMedia
LogPluginManager: Mounting plugin WmfMedia
LogPluginManager: Mounting plugin TcpMessaging
LogPluginManager: Mounting plugin UdpMessaging
LogPluginManager: Mounting plugin ActorSequence
LogPluginManager: Mounting plugin LevelSequenceEditor
LogPluginManager: Mounting plugin MatineeToLevelSequence
LogPluginManager: Mounting plugin NetcodeUnitTest
LogPluginManager: Mounting plugin NUTUnrealEngine4
LogPluginManager: Mounting plugin OnlineSubsystemGooglePlay
LogPluginManager: Mounting plugin OnlineSubsystemIOS
LogPluginManager: Mounting plugin OnlineSubsystem
LogPluginManager: Mounting plugin OnlineSubsystemNull
LogPluginManager: Mounting plugin OnlineSubsystemUtils
LogPluginManager: Mounting plugin LauncherChunkInstaller
LogPluginManager: Mounting plugin AndroidDeviceProfileSelector
LogPluginManager: Mounting plugin AndroidMoviePlayer
LogPluginManager: Mounting plugin AndroidPermission
LogPluginManager: Mounting plugin AppleImageUtils
LogPluginManager: Mounting plugin AppleMoviePlayer
LogPluginManager: Mounting plugin ArchVisCharacter
LogPluginManager: Mounting plugin AssetTags
LogPluginManager: Mounting plugin AudioCapture
LogPluginManager: Mounting plugin CableComponent
LogPluginManager: Mounting plugin CustomMeshComponent
LogPluginManager: Mounting plugin EditableMesh
LogPluginManager: Mounting plugin ExampleDeviceProfileSelector
LogPluginManager: Mounting plugin GoogleCloudMessaging
LogPluginManager: Mounting plugin IOSDeviceProfileSelector
LogPluginManager: Mounting plugin LinuxDeviceProfileSelector
LogPluginManager: Mounting plugin LocationServicesBPLibrary
LogPluginManager: Mounting plugin MobilePatchingUtils
LogPluginManager: Mounting plugin OculusVR
LogPluginManager: Mounting plugin PhysXVehicles
LogPluginManager: Mounting plugin PostSplashScreen
LogPluginManager: Mounting plugin ProceduralMeshComponent
LogPluginManager: Mounting plugin RuntimePhysXCooking
LogPluginManager: Mounting plugin SignificanceManager
LogPluginManager: Mounting plugin SteamVR
LogPluginManager: Mounting plugin WebMMoviePlayer
LogPluginManager: Mounting plugin WindowsMoviePlayer
LogPluginManager: Mounting plugin ScreenshotTools
LogInit: Using libcurl 7.55.1-DEV
LogInit:  - built for x86_64-pc-win32
LogInit:  - supports SSL with OpenSSL/1.1.1
LogInit:  - supports HTTP deflate (compression) using libz 1.2.8
LogInit:  - other features:
LogInit:      CURL_VERSION_SSL
LogInit:      CURL_VERSION_LIBZ
LogInit:      CURL_VERSION_IPV6
LogInit:      CURL_VERSION_ASYNCHDNS
LogInit:      CURL_VERSION_LARGEFILE
LogInit:      CURL_VERSION_IDN
LogInit:  CurlRequestOptions (configurable via config and command line):
LogInit:  - bVerifyPeer = true  - Libcurl will verify peer certificate
LogInit:  - bUseHttpProxy = false  - Libcurl will NOT use HTTP proxy
LogInit:  - bDontReuseConnections = false  - Libcurl will reuse connections
LogInit:  - MaxHostConnections = 16  - Libcurl will limit the number of connections to a host
LogInit:  - LocalHostAddr = Default
LogInit:  - BufferSize = 65536
LogOnline: OSS: Creating online subsystem instance for: NULL
LogInit: WinSock: version 1.1 (2.2), MaxSocks=32767, MaxUdp=65467
LogOnline: OSS: TryLoadSubsystemAndSetDefault: Loaded subsystem for module [NULL]
LogInit: Build: ++UE4+Release-4.24-CL-11100242
LogInit: Engine Version: 4.24.2-11100242+++UE4+Release-4.24
LogInit: Compatible Engine Version: 4.24.0-10570792+++UE4+Release-4.24
LogInit: Net CL: 10570792
LogInit: OS: Windows 10 (Release 1903) (), CPU: Intel(R) Core(TM) i7-8750H CPU @ 2.20GHz, GPU: Intel(R) UHD Graphics 630
LogInit: Compiled (64-bit): Jan 24 2020 02:05:53
LogInit: Compiled with Visual C++: 19.16.27032.01
LogInit: Build Configuration: Development
LogInit: Branch Name: ++UE4+Release-4.24
LogInit: Command Line: 
LogInit: Base Directory: D:/Program Files/Epic Games/UE_4.24/Engine/Binaries/Win64/
LogInit: Installed Engine Build: 1
LogDevObjectVersion: Number of dev versions registered: 25
LogDevObjectVersion:   Dev-Blueprints (B0D832E4-1F89-4F0D-ACCF-7EB736FD4AA2): 10
LogDevObjectVersion:   Dev-Build (E1C64328-A22C-4D53-A36C-8E866417BD8C): 0
LogDevObjectVersion:   Dev-Core (375EC13C-06E4-48FB-B500-84F0262A717E): 3
LogDevObjectVersion:   Dev-Editor (E4B068ED-F494-42E9-A231-DA0B2E46BB41): 37
LogDevObjectVersion:   Dev-Framework (CFFC743F-43B0-4480-9391-14DF171D2073): 36
LogDevObjectVersion:   Dev-Mobile (B02B49B5-BB20-44E9-A304-32B752E40360): 2
LogDevObjectVersion:   Dev-Networking (A4E4105C-59A1-49B5-A7C5-40C4547EDFEE): 0
LogDevObjectVersion:   Dev-Online (39C831C9-5AE6-47DC-9A44-9C173E1C8E7C): 0
LogDevObjectVersion:   Dev-Physics (78F01B33-EBEA-4F98-B9B4-84EACCB95AA2): 2
LogDevObjectVersion:   Dev-Platform (6631380F-2D4D-43E0-8009-CF276956A95A): 0
LogDevObjectVersion:   Dev-Rendering (12F88B9F-8875-4AFC-A67C-D90C383ABD29): 36
LogDevObjectVersion:   Dev-Sequencer (7B5AE74C-D270-4C10-A958-57980B212A5A): 11
LogDevObjectVersion:   Dev-VR (D7296918-1DD6-4BDD-9DE2-64A83CC13884): 2
LogDevObjectVersion:   Dev-LoadTimes (C2A15278-BFE7-4AFE-6C17-90FF531DF755): 1
LogDevObjectVersion:   Private-Geometry (6EACA3D4-40EC-4CC1-B786-8BED09428FC5): 3
LogDevObjectVersion:   Dev-AnimPhys (29E575DD-E0A3-4627-9D10-D276232CDCEA): 17
LogDevObjectVersion:   Dev-Anim (AF43A65D-7FD3-4947-9873-3E8ED9C1BB05): 2
LogDevObjectVersion:   Dev-ReflectionCapture (6B266CEC-1EC7-4B8F-A30B-E4D90942FC07): 1
LogDevObjectVersion:   Dev-Automation (0DF73D61-A23F-47EA-B727-89E90C41499A): 1
LogDevObjectVersion:   FortniteMain (601D1886-AC64-4F84-AA16-D3DE0DEAC7D6): 31
LogDevObjectVersion:   Dev-Enterprise (9DFFBCD6-494F-0158-E221-12823C92A888): 8
LogDevObjectVersion:   Dev-Niagara (F2AED0AC-9AFE-416F-8664-AA7FFA26D6FC): 1
LogDevObjectVersion:   Dev-Destruction (174F1F0B-B4C6-45A5-B13F-2EE8D0FB917D): 9
LogDevObjectVersion:   Dev-Physics-Ext (35F94A83-E258-406C-A318-09F59610247C): 8
LogDevObjectVersion:   Dev-CineCamera (B2E18506-4273-CFC2-A54E-F4BB758BBA07): 1
LogInit: Presizing for max 25165824 objects, including 0 objects not considered by GC, pre-allocating 0 bytes for permanent pool.
LogInit: Object subsystem initialized
LogConfig: Setting CVar [[con.DebugEarlyDefault:1]]
LogConfig: Setting CVar [[r.setres:1280x720]]
[2020.04.29-18.38.09:398][  0]LogConfig: Setting CVar [[r.VSync:0]]
[2020.04.29-18.38.09:398][  0]LogConfig: Setting CVar [[r.RHICmdBypass:0]]
[2020.04.29-18.38.09:398][  0]LogConfig: Applying CVar settings from Section [/Script/Engine.RendererSettings] File [D:/Users/Yash/Desktop/NarangCrossyRoad/Saved/Config/Windows/Engine.ini]
[2020.04.29-18.38.09:398][  0]LogConfig: Setting CVar [[r.GPUCrashDebugging:0]]
[2020.04.29-18.38.09:398][  0]LogConfig: Applying CVar settings from Section [/Script/Engine.RendererOverrideSettings] File [D:/Users/Yash/Desktop/NarangCrossyRoad/Saved/Config/Windows/Engine.ini]
[2020.04.29-18.38.09:398][  0]LogConfig: Applying CVar settings from Section [/Script/Engine.StreamingSettings] File [D:/Users/Yash/Desktop/NarangCrossyRoad/Saved/Config/Windows/Engine.ini]
[2020.04.29-18.38.09:398][  0]LogConfig: Setting CVar [[s.MinBulkDataSizeForAsyncLoading:131072]]
[2020.04.29-18.38.09:398][  0]LogConfig: Setting CVar [[s.AsyncLoadingThreadEnabled:0]]
[2020.04.29-18.38.09:398][  0]LogConfig: Setting CVar [[s.EventDrivenLoaderEnabled:1]]
[2020.04.29-18.38.09:398][  0]LogConfig: Setting CVar [[s.WarnIfTimeLimitExceeded:0]]
[2020.04.29-18.38.09:398][  0]LogConfig: Setting CVar [[s.TimeLimitExceededMultiplier:1.5]]
[2020.04.29-18.38.09:398][  0]LogConfig: Setting CVar [[s.TimeLimitExceededMinTime:0.005]]
[2020.04.29-18.38.09:398][  0]LogConfig: Setting CVar [[s.UseBackgroundLevelStreaming:1]]
[2020.04.29-18.38.09:398][  0]LogConfig: Setting CVar [[s.PriorityAsyncLoadingExtraTime:15.0]]
[2020.04.29-18.38.09:398][  0]LogConfig: Setting CVar [[s.LevelStreamingActorsUpdateTimeLimit:5.0]]
[2020.04.29-18.38.09:398][  0]LogConfig: Setting CVar [[s.PriorityLevelStreamingActorsUpdateExtraTime:5.0]]
[2020.04.29-18.38.09:398][  0]LogConfig: Setting CVar [[s.LevelStreamingComponentsRegistrationGranularity:10]]
[2020.04.29-18.38.09:398][  0]LogConfig: Setting CVar [[s.UnregisterComponentsTimeLimit:1.0]]
[2020.04.29-18.38.09:398][  0]LogConfig: Setting CVar [[s.LevelStreamingComponentsUnregistrationGranularity:5]]
[2020.04.29-18.38.09:398][  0]LogConfig: Setting CVar [[s.FlushStreamingOnExit:1]]
[2020.04.29-18.38.09:398][  0]LogConfig: Applying CVar settings from Section [/Script/Engine.GarbageCollectionSettings] File [D:/Users/Yash/Desktop/NarangCrossyRoad/Saved/Config/Windows/Engine.ini]
[2020.04.29-18.38.09:398][  0]LogConfig: Setting CVar [[gc.MaxObjectsNotConsideredByGC:1]]
[2020.04.29-18.38.09:398][  0]LogConfig: Setting CVar [[gc.SizeOfPermanentObjectPool:0]]
[2020.04.29-18.38.09:398][  0]LogConfig: Setting CVar [[gc.FlushStreamingOnGC:0]]
[2020.04.29-18.38.09:398][  0]LogConfig: Setting CVar [[gc.NumRetriesBeforeForcingGC:10]]
[2020.04.29-18.38.09:398][  0]LogConfig: Setting CVar [[gc.AllowParallelGC:1]]
[2020.04.29-18.38.09:398][  0]LogConfig: Setting CVar [[gc.TimeBetweenPurgingPendingKillObjects:61.1]]
[2020.04.29-18.38.09:398][  0]LogConfig: Setting CVar [[gc.MaxObjectsInEditor:25165824]]
[2020.04.29-18.38.09:398][  0]LogConfig: Setting CVar [[gc.IncrementalBeginDestroyEnabled:1]]
[2020.04.29-18.38.09:398][  0]LogConfig: Setting CVar [[gc.CreateGCClusters:1]]
[2020.04.29-18.38.09:398][  0]LogConfig: Setting CVar [[gc.MinGCClusterSize:5]]
[2020.04.29-18.38.09:398][  0]LogConfig: Setting CVar [[gc.ActorClusteringEnabled:0]]
[2020.04.29-18.38.09:398][  0]LogConfig: Setting CVar [[gc.BlueprintClusteringEnabled:0]]
[2020.04.29-18.38.09:398][  0]LogConfig: Setting CVar [[gc.UseDisregardForGCOnDedicatedServers:0]]
[2020.04.29-18.38.09:398][  0]LogConfig: Applying CVar settings from Section [/Script/Engine.NetworkSettings] File [D:/Users/Yash/Desktop/NarangCrossyRoad/Saved/Config/Windows/Engine.ini]
[2020.04.29-18.38.09:398][  0]LogConfig: Applying CVar settings from Section [/Script/UnrealEd.CookerSettings] File [D:/Users/Yash/Desktop/NarangCrossyRoad/Saved/Config/Windows/Engine.ini]
[2020.04.29-18.38.09:400][  0]LogConfig: Applying CVar settings from Section [ViewDistanceQuality@3] File [D:/Users/Yash/Desktop/NarangCrossyRoad/Saved/Config/Windows/Scalability.ini]
[2020.04.29-18.38.09:400][  0]LogConfig: Setting CVar [[r.SkeletalMeshLODBias:0]]
[2020.04.29-18.38.09:400][  0]LogConfig: Setting CVar [[r.ViewDistanceScale:1.0]]
[2020.04.29-18.38.09:400][  0]LogConfig: Applying CVar settings from Section [AntiAliasingQuality@3] File [D:/Users/Yash/Desktop/NarangCrossyRoad/Saved/Config/Windows/Scalability.ini]
[2020.04.29-18.38.09:400][  0]LogConfig: Setting CVar [[r.PostProcessAAQuality:4]]
[2020.04.29-18.38.09:400][  0]LogConfig: Applying CVar settings from Section [ShadowQuality@3] File [D:/Users/Yash/Desktop/NarangCrossyRoad/Saved/Config/Windows/Scalability.ini]
[2020.04.29-18.38.09:400][  0]LogConfig: Setting CVar [[r.LightFunctionQuality:1]]
[2020.04.29-18.38.09:400][  0]LogConfig: Setting CVar [[r.ShadowQuality:5]]
[2020.04.29-18.38.09:400][  0]LogConfig: Setting CVar [[r.Shadow.CSM.MaxCascades:10]]
[2020.04.29-18.38.09:400][  0]LogConfig: Setting CVar [[r.Shadow.MaxResolution:2048]]
[2020.04.29-18.38.09:400][  0]LogConfig: Setting CVar [[r.Shadow.MaxCSMResolution:2048]]
[2020.04.29-18.38.09:400][  0]LogConfig: Setting CVar [[r.Shadow.RadiusThreshold:0.01]]
[2020.04.29-18.38.09:400][  0]LogConfig: Setting CVar [[r.Shadow.DistanceScale:1.0]]
[2020.04.29-18.38.09:400][  0]LogConfig: Setting CVar [[r.Shadow.CSM.TransitionScale:1.0]]
[2020.04.29-18.38.09:400][  0]LogConfig: Setting CVar [[r.Shadow.PreShadowResolutionFactor:1.0]]
[2020.04.29-18.38.09:400][  0]LogConfig: Setting CVar [[r.DistanceFieldShadowing:1]]
[2020.04.29-18.38.09:400][  0]LogConfig: Setting CVar [[r.DistanceFieldAO:1]]
[2020.04.29-18.38.09:400][  0]LogConfig: Setting CVar [[r.AOQuality:2]]
[2020.04.29-18.38.09:400][  0]LogConfig: Setting CVar [[r.VolumetricFog:1]]
[2020.04.29-18.38.09:400][  0]LogConfig: Setting CVar [[r.VolumetricFog.GridPixelSize:8]]
[2020.04.29-18.38.09:400][  0]LogConfig: Setting CVar [[r.VolumetricFog.GridSizeZ:128]]
[2020.04.29-18.38.09:400][  0]LogConfig: Setting CVar [[r.VolumetricFog.HistoryMissSupersampleCount:4]]
[2020.04.29-18.38.09:400][  0]LogConfig: Setting CVar [[r.LightMaxDrawDistanceScale:1]]
[2020.04.29-18.38.09:400][  0]LogConfig: Setting CVar [[r.CapsuleShadows:1]]
[2020.04.29-18.38.09:400][  0]LogConfig: Applying CVar settings from Section [PostProcessQuality@3] File [D:/Users/Yash/Desktop/NarangCrossyRoad/Saved/Config/Windows/Scalability.ini]
[2020.04.29-18.38.09:400][  0]LogConfig: Setting CVar [[r.MotionBlurQuality:4]]
[2020.04.29-18.38.09:400][  0]LogConfig: Setting CVar [[r.AmbientOcclusionMipLevelFactor:0.4]]
[2020.04.29-18.38.09:400][  0]LogConfig: Setting CVar [[r.AmbientOcclusionMaxQuality:100]]
[2020.04.29-18.38.09:400][  0]LogConfig: Setting CVar [[r.AmbientOcclusionLevels:-1]]
[2020.04.29-18.38.09:400][  0]LogConfig: Setting CVar [[r.AmbientOcclusionRadiusScale:1.0]]
[2020.04.29-18.38.09:400][  0]LogConfig: Setting CVar [[r.DepthOfFieldQuality:2]]
[2020.04.29-18.38.09:400][  0]LogConfig: Setting CVar [[r.RenderTargetPoolMin:400]]
[2020.04.29-18.38.09:400][  0]LogConfig: Setting CVar [[r.LensFlareQuality:2]]
[2020.04.29-18.38.09:400][  0]LogConfig: Setting CVar [[r.SceneColorFringeQuality:1]]
[2020.04.29-18.38.09:400][  0]LogConfig: Setting CVar [[r.EyeAdaptationQuality:2]]
[2020.04.29-18.38.09:400][  0]LogConfig: Setting CVar [[r.BloomQuality:5]]
[2020.04.29-18.38.09:400][  0]LogConfig: Setting CVar [[r.FastBlurThreshold:100]]
[2020.04.29-18.38.09:400][  0]LogConfig: Setting CVar [[r.Upscale.Quality:3]]
[2020.04.29-18.38.09:400][  0]LogConfig: Setting CVar [[r.Tonemapper.GrainQuantization:1]]
[2020.04.29-18.38.09:400][  0]LogConfig: Setting CVar [[r.LightShaftQuality:1]]
[2020.04.29-18.38.09:400][  0]LogConfig: Setting CVar [[r.Filter.SizeScale:1]]
[2020.04.29-18.38.09:400][  0]LogConfig: Setting CVar [[r.Tonemapper.Quality:5]]
[2020.04.29-18.38.09:400][  0]LogConfig: Setting CVar [[r.DOF.Gather.AccumulatorQuality:1        ; higher gathering accumulator quality]]
[2020.04.29-18.38.09:400][  0]LogConfig: Setting CVar [[r.DOF.Gather.PostfilterMethod:1          ; Median3x3 postfilering method]]
[2020.04.29-18.38.09:400][  0]LogConfig: Setting CVar [[r.DOF.Gather.EnableBokehSettings:0       ; no bokeh simulation when gathering]]
[2020.04.29-18.38.09:400][  0]LogConfig: Setting CVar [[r.DOF.Gather.RingCount:4                 ; medium number of samples when gathering]]
[2020.04.29-18.38.09:400][  0]LogConfig: Setting CVar [[r.DOF.Scatter.ForegroundCompositing:1    ; additive foreground scattering]]
[2020.04.29-18.38.09:400][  0]LogConfig: Setting CVar [[r.DOF.Scatter.BackgroundCompositing:2    ; additive background scattering]]
[2020.04.29-18.38.09:400][  0]LogConfig: Setting CVar [[r.DOF.Scatter.EnableBokehSettings:1      ; bokeh simulation when scattering]]
[2020.04.29-18.38.09:401][  0]LogConfig: Setting CVar [[r.DOF.Scatter.MaxSpriteRatio:0.1         ; only a maximum of 10% of scattered bokeh]]
[2020.04.29-18.38.09:401][  0]LogConfig: Setting CVar [[r.DOF.Recombine.Quality:1                ; cheap slight out of focus]]
[2020.04.29-18.38.09:401][  0]LogConfig: Setting CVar [[r.DOF.Recombine.EnableBokehSettings:0    ; no bokeh simulation on slight out of focus]]
[2020.04.29-18.38.09:401][  0]LogConfig: Setting CVar [[r.DOF.TemporalAAQuality:1                ; more stable temporal accumulation]]
[2020.04.29-18.38.09:401][  0]LogConfig: Setting CVar [[r.DOF.Kernel.MaxForegroundRadius:0.025]]
[2020.04.29-18.38.09:401][  0]LogConfig: Setting CVar [[r.DOF.Kernel.MaxBackgroundRadius:0.025]]
[2020.04.29-18.38.09:401][  0]LogConfig: Applying CVar settings from Section [TextureQuality@3] File [D:/Users/Yash/Desktop/NarangCrossyRoad/Saved/Config/Windows/Scalability.ini]
[2020.04.29-18.38.09:401][  0]LogConfig: Setting CVar [[r.Streaming.MipBias:0]]
[2020.04.29-18.38.09:401][  0]LogConfig: Setting CVar [[r.Streaming.AmortizeCPUToGPUCopy:0]]
[2020.04.29-18.38.09:401][  0]LogConfig: Setting CVar [[r.Streaming.MaxNumTexturesToStreamPerFrame:0]]
[2020.04.29-18.38.09:401][  0]LogConfig: Setting CVar [[r.Streaming.Boost:1]]
[2020.04.29-18.38.09:401][  0]LogConfig: Setting CVar [[r.MaxAnisotropy:8]]
[2020.04.29-18.38.09:401][  0]LogConfig: Setting CVar [[r.VT.MaxAnisotropy:8]]
[2020.04.29-18.38.09:401][  0]LogConfig: Setting CVar [[r.Streaming.LimitPoolSizeToVRAM:0]]
[2020.04.29-18.38.09:401][  0]LogConfig: Setting CVar [[r.Streaming.PoolSize:1000]]
[2020.04.29-18.38.09:401][  0]LogConfig: Setting CVar [[r.Streaming.MaxEffectiveScreenSize:0]]
[2020.04.29-18.38.09:401][  0]LogConfig: Applying CVar settings from Section [EffectsQuality@3] File [D:/Users/Yash/Desktop/NarangCrossyRoad/Saved/Config/Windows/Scalability.ini]
[2020.04.29-18.38.09:401][  0]LogConfig: Setting CVar [[r.TranslucencyLightingVolumeDim:64]]
[2020.04.29-18.38.09:401][  0]LogConfig: Setting CVar [[r.RefractionQuality:2]]
[2020.04.29-18.38.09:401][  0]LogConfig: Setting CVar [[r.SSR.Quality:3]]
[2020.04.29-18.38.09:401][  0]LogConfig: Setting CVar [[r.SSR.HalfResSceneColor:0]]
[2020.04.29-18.38.09:401][  0]LogConfig: Setting CVar [[r.SceneColorFormat:4]]
[2020.04.29-18.38.09:401][  0]LogConfig: Setting CVar [[r.DetailMode:2]]
[2020.04.29-18.38.09:401][  0]LogConfig: Setting CVar [[r.TranslucencyVolumeBlur:1]]
[2020.04.29-18.38.09:401][  0]LogConfig: Setting CVar [[r.MaterialQualityLevel:1 ; High quality]]
[2020.04.29-18.38.09:401][  0]LogConfig: Setting CVar [[r.SSS.Scale:1]]
[2020.04.29-18.38.09:401][  0]LogConfig: Setting CVar [[r.SSS.SampleSet:2]]
[2020.04.29-18.38.09:401][  0]LogConfig: Setting CVar [[r.SSS.Quality:1]]
[2020.04.29-18.38.09:401][  0]LogConfig: Setting CVar [[r.SSS.HalfRes:1]]
[2020.04.29-18.38.09:401][  0]LogConfig: Setting CVar [[r.SSGI.Quality:3]]
[2020.04.29-18.38.09:401][  0]LogConfig: Setting CVar [[r.EmitterSpawnRateScale:1.0]]
[2020.04.29-18.38.09:401][  0]LogConfig: Setting CVar [[r.ParticleLightQuality:2]]
[2020.04.29-18.38.09:401][  0]LogConfig: Setting CVar [[r.SkyAtmosphere.AerialPerspectiveLUT.FastApplyOnOpaque:1 ; Always have FastSkyLUT 1 in this case to avoid wrong sky]]
[2020.04.29-18.38.09:401][  0]LogConfig: Setting CVar [[r.SkyAtmosphere.AerialPerspectiveLUT.SampleCountPerSlice:1]]
[2020.04.29-18.38.09:401][  0]LogConfig: Setting CVar [[r.SkyAtmosphere.AerialPerspectiveLUT.DepthResolution:16.0]]
[2020.04.29-18.38.09:401][  0]LogConfig: Setting CVar [[r.SkyAtmosphere.FastSkyLUT:1]]
[2020.04.29-18.38.09:401][  0]LogConfig: Setting CVar [[r.SkyAtmosphere.FastSkyLUT.SampleCountMin:4.0]]
[2020.04.29-18.38.09:401][  0]LogConfig: Setting CVar [[r.SkyAtmosphere.FastSkyLUT.SampleCountMax:32.0]]
[2020.04.29-18.38.09:401][  0]LogConfig: Setting CVar [[r.SkyAtmosphere.SampleCountMin:4.0]]
[2020.04.29-18.38.09:401][  0]LogConfig: Setting CVar [[r.SkyAtmosphere.SampleCountMax:32.0]]
[2020.04.29-18.38.09:401][  0]LogConfig: Setting CVar [[r.SkyAtmosphere.TransmittanceLUT.UseSmallFormat:0]]
[2020.04.29-18.38.09:401][  0]LogConfig: Setting CVar [[r.SkyAtmosphere.TransmittanceLUT.SampleCount:10.0]]
[2020.04.29-18.38.09:401][  0]LogConfig: Setting CVar [[r.SkyAtmosphere.MultiScatteringLUT.SampleCount:15.0]]
[2020.04.29-18.38.09:401][  0]LogConfig: Applying CVar settings from Section [FoliageQuality@3] File [D:/Users/Yash/Desktop/NarangCrossyRoad/Saved/Config/Windows/Scalability.ini]
[2020.04.29-18.38.09:401][  0]LogConfig: Setting CVar [[foliage.DensityScale:1.0]]
[2020.04.29-18.38.09:401][  0]LogConfig: Setting CVar [[grass.DensityScale:1.0]]
[2020.04.29-18.38.09:401][  0]LogConfig: Applying CVar settings from Section [ShadingQuality@3] File [D:/Users/Yash/Desktop/NarangCrossyRoad/Saved/Config/Windows/Scalability.ini]
[2020.04.29-18.38.09:401][  0]LogConfig: Setting CVar [[r.HairStrands.SkyLighting.SampleCount:16]]
[2020.04.29-18.38.09:401][  0]LogConfig: Setting CVar [[r.HairStrands.SkyLighting.JitterIntegration:0]]
[2020.04.29-18.38.09:401][  0]LogConfig: Setting CVar [[r.HairStrands.SkyAO.SampleCount:16]]
[2020.04.29-18.38.09:401][  0]LogInit: Selected Device Profile: [Windows]
[2020.04.29-18.38.09:401][  0]LogInit: Applying CVar settings loaded from the selected device profile: [Windows]
[2020.04.29-18.38.09:403][  0]LogHAL: Display: Platform has ~ 16 GB [17018613760 / 17179869184 / 16], which maps to Larger [LargestMinGB=32, LargerMinGB=12, DefaultMinGB=8, SmallerMinGB=6, SmallestMinGB=0)
[2020.04.29-18.38.09:403][  0]LogInit: Going up to parent DeviceProfile []
[2020.04.29-18.38.09:403][  0]LogConfig: Applying CVar settings from Section [ViewDistanceQuality@3] File [D:/Users/Yash/Desktop/NarangCrossyRoad/Saved/Config/Windows/Scalability.ini]
[2020.04.29-18.38.09:403][  0]LogConfig: Setting CVar [[r.SkeletalMeshLODBias:0]]
[2020.04.29-18.38.09:403][  0]LogConfig: Setting CVar [[r.ViewDistanceScale:1.0]]
[2020.04.29-18.38.09:403][  0]LogConfig: Applying CVar settings from Section [AntiAliasingQuality@3] File [D:/Users/Yash/Desktop/NarangCrossyRoad/Saved/Config/Windows/Scalability.ini]
[2020.04.29-18.38.09:403][  0]LogConfig: Setting CVar [[r.PostProcessAAQuality:4]]
[2020.04.29-18.38.09:403][  0]LogConfig: Applying CVar settings from Section [ShadowQuality@3] File [D:/Users/Yash/Desktop/NarangCrossyRoad/Saved/Config/Windows/Scalability.ini]
[2020.04.29-18.38.09:403][  0]LogConfig: Setting CVar [[r.LightFunctionQuality:1]]
[2020.04.29-18.38.09:403][  0]LogConfig: Setting CVar [[r.ShadowQuality:5]]
[2020.04.29-18.38.09:403][  0]LogConfig: Setting CVar [[r.Shadow.CSM.MaxCascades:10]]
[2020.04.29-18.38.09:403][  0]LogConfig: Setting CVar [[r.Shadow.MaxResolution:2048]]
[2020.04.29-18.38.09:403][  0]LogConfig: Setting CVar [[r.Shadow.MaxCSMResolution:2048]]
[2020.04.29-18.38.09:403][  0]LogConfig: Setting CVar [[r.Shadow.RadiusThreshold:0.01]]
[2020.04.29-18.38.09:403][  0]LogConfig: Setting CVar [[r.Shadow.DistanceScale:1.0]]
[2020.04.29-18.38.09:403][  0]LogConfig: Setting CVar [[r.Shadow.CSM.TransitionScale:1.0]]
[2020.04.29-18.38.09:403][  0]LogConfig: Setting CVar [[r.Shadow.PreShadowResolutionFactor:1.0]]
[2020.04.29-18.38.09:403][  0]LogConfig: Setting CVar [[r.DistanceFieldShadowing:1]]
[2020.04.29-18.38.09:403][  0]LogConfig: Setting CVar [[r.DistanceFieldAO:1]]
[2020.04.29-18.38.09:403][  0]LogConfig: Setting CVar [[r.AOQuality:2]]
[2020.04.29-18.38.09:403][  0]LogConfig: Setting CVar [[r.VolumetricFog:1]]
[2020.04.29-18.38.09:403][  0]LogConfig: Setting CVar [[r.VolumetricFog.GridPixelSize:8]]
[2020.04.29-18.38.09:403][  0]LogConfig: Setting CVar [[r.VolumetricFog.GridSizeZ:128]]
[2020.04.29-18.38.09:403][  0]LogConfig: Setting CVar [[r.VolumetricFog.HistoryMissSupersampleCount:4]]
[2020.04.29-18.38.09:403][  0]LogConfig: Setting CVar [[r.LightMaxDrawDistanceScale:1]]
[2020.04.29-18.38.09:403][  0]LogConfig: Setting CVar [[r.CapsuleShadows:1]]
[2020.04.29-18.38.09:403][  0]LogConfig: Applying CVar settings from Section [PostProcessQuality@3] File [D:/Users/Yash/Desktop/NarangCrossyRoad/Saved/Config/Windows/Scalability.ini]
[2020.04.29-18.38.09:403][  0]LogConfig: Setting CVar [[r.MotionBlurQuality:4]]
[2020.04.29-18.38.09:403][  0]LogConfig: Setting CVar [[r.AmbientOcclusionMipLevelFactor:0.4]]
[2020.04.29-18.38.09:403][  0]LogConfig: Setting CVar [[r.AmbientOcclusionMaxQuality:100]]
[2020.04.29-18.38.09:403][  0]LogConfig: Setting CVar [[r.AmbientOcclusionLevels:-1]]
[2020.04.29-18.38.09:403][  0]LogConfig: Setting CVar [[r.AmbientOcclusionRadiusScale:1.0]]
[2020.04.29-18.38.09:403][  0]LogConfig: Setting CVar [[r.DepthOfFieldQuality:2]]
[2020.04.29-18.38.09:403][  0]LogConfig: Setting CVar [[r.RenderTargetPoolMin:400]]
[2020.04.29-18.38.09:403][  0]LogConfig: Setting CVar [[r.LensFlareQuality:2]]
[2020.04.29-18.38.09:403][  0]LogConfig: Setting CVar [[r.SceneColorFringeQuality:1]]
[2020.04.29-18.38.09:403][  0]LogConfig: Setting CVar [[r.EyeAdaptationQuality:2]]
[2020.04.29-18.38.09:403][  0]LogConfig: Setting CVar [[r.BloomQuality:5]]
[2020.04.29-18.38.09:403][  0]LogConfig: Setting CVar [[r.FastBlurThreshold:100]]
[2020.04.29-18.38.09:403][  0]LogConfig: Setting CVar [[r.Upscale.Quality:3]]
[2020.04.29-18.38.09:403][  0]LogConfig: Setting CVar [[r.Tonemapper.GrainQuantization:1]]
[2020.04.29-18.38.09:403][  0]LogConfig: Setting CVar [[r.LightShaftQuality:1]]
[2020.04.29-18.38.09:403][  0]LogConfig: Setting CVar [[r.Filter.SizeScale:1]]
[2020.04.29-18.38.09:403][  0]LogConfig: Setting CVar [[r.Tonemapper.Quality:5]]
[2020.04.29-18.38.09:403][  0]LogConfig: Setting CVar [[r.DOF.Gather.AccumulatorQuality:1        ; higher gathering accumulator quality]]
[2020.04.29-18.38.09:404][  0]LogConfig: Setting CVar [[r.DOF.Gather.PostfilterMethod:1          ; Median3x3 postfilering method]]
[2020.04.29-18.38.09:404][  0]LogConfig: Setting CVar [[r.DOF.Gather.EnableBokehSettings:0       ; no bokeh simulation when gathering]]
[2020.04.29-18.38.09:404][  0]LogConfig: Setting CVar [[r.DOF.Gather.RingCount:4                 ; medium number of samples when gathering]]
[2020.04.29-18.38.09:404][  0]LogConfig: Setting CVar [[r.DOF.Scatter.ForegroundCompositing:1    ; additive foreground scattering]]
[2020.04.29-18.38.09:404][  0]LogConfig: Setting CVar [[r.DOF.Scatter.BackgroundCompositing:2    ; additive background scattering]]
[2020.04.29-18.38.09:404][  0]LogConfig: Setting CVar [[r.DOF.Scatter.EnableBokehSettings:1      ; bokeh simulation when scattering]]
[2020.04.29-18.38.09:404][  0]LogConfig: Setting CVar [[r.DOF.Scatter.MaxSpriteRatio:0.1         ; only a maximum of 10% of scattered bokeh]]
[2020.04.29-18.38.09:404][  0]LogConfig: Setting CVar [[r.DOF.Recombine.Quality:1                ; cheap slight out of focus]]
[2020.04.29-18.38.09:404][  0]LogConfig: Setting CVar [[r.DOF.Recombine.EnableBokehSettings:0    ; no bokeh simulation on slight out of focus]]
[2020.04.29-18.38.09:404][  0]LogConfig: Setting CVar [[r.DOF.TemporalAAQuality:1                ; more stable temporal accumulation]]
[2020.04.29-18.38.09:404][  0]LogConfig: Setting CVar [[r.DOF.Kernel.MaxForegroundRadius:0.025]]
[2020.04.29-18.38.09:404][  0]LogConfig: Setting CVar [[r.DOF.Kernel.MaxBackgroundRadius:0.025]]
[2020.04.29-18.38.09:404][  0]LogConfig: Applying CVar settings from Section [TextureQuality@3] File [D:/Users/Yash/Desktop/NarangCrossyRoad/Saved/Config/Windows/Scalability.ini]
[2020.04.29-18.38.09:404][  0]LogConfig: Setting CVar [[r.Streaming.MipBias:0]]
[2020.04.29-18.38.09:404][  0]LogConfig: Setting CVar [[r.Streaming.AmortizeCPUToGPUCopy:0]]
[2020.04.29-18.38.09:404][  0]LogConfig: Setting CVar [[r.Streaming.MaxNumTexturesToStreamPerFrame:0]]
[2020.04.29-18.38.09:404][  0]LogConfig: Setting CVar [[r.Streaming.Boost:1]]
[2020.04.29-18.38.09:404][  0]LogConfig: Setting CVar [[r.MaxAnisotropy:8]]
[2020.04.29-18.38.09:404][  0]LogConfig: Setting CVar [[r.VT.MaxAnisotropy:8]]
[2020.04.29-18.38.09:404][  0]LogConfig: Setting CVar [[r.Streaming.LimitPoolSizeToVRAM:0]]
[2020.04.29-18.38.09:404][  0]LogConfig: Setting CVar [[r.Streaming.PoolSize:1000]]
[2020.04.29-18.38.09:404][  0]LogConfig: Setting CVar [[r.Streaming.MaxEffectiveScreenSize:0]]
[2020.04.29-18.38.09:404][  0]LogConfig: Applying CVar settings from Section [EffectsQuality@3] File [D:/Users/Yash/Desktop/NarangCrossyRoad/Saved/Config/Windows/Scalability.ini]
[2020.04.29-18.38.09:404][  0]LogConfig: Setting CVar [[r.TranslucencyLightingVolumeDim:64]]
[2020.04.29-18.38.09:404][  0]LogConfig: Setting CVar [[r.RefractionQuality:2]]
[2020.04.29-18.38.09:404][  0]LogConfig: Setting CVar [[r.SSR.Quality:3]]
[2020.04.29-18.38.09:404][  0]LogConfig: Setting CVar [[r.SSR.HalfResSceneColor:0]]
[2020.04.29-18.38.09:404][  0]LogConfig: Setting CVar [[r.SceneColorFormat:4]]
[2020.04.29-18.38.09:404][  0]LogConfig: Setting CVar [[r.DetailMode:2]]
[2020.04.29-18.38.09:404][  0]LogConfig: Setting CVar [[r.TranslucencyVolumeBlur:1]]
[2020.04.29-18.38.09:404][  0]LogConfig: Setting CVar [[r.MaterialQualityLevel:1 ; High quality]]
[2020.04.29-18.38.09:404][  0]LogConfig: Setting CVar [[r.SSS.Scale:1]]
[2020.04.29-18.38.09:404][  0]LogConfig: Setting CVar [[r.SSS.SampleSet:2]]
[2020.04.29-18.38.09:404][  0]LogConfig: Setting CVar [[r.SSS.Quality:1]]
[2020.04.29-18.38.09:404][  0]LogConfig: Setting CVar [[r.SSS.HalfRes:1]]
[2020.04.29-18.38.09:404][  0]LogConfig: Setting CVar [[r.SSGI.Quality:3]]
[2020.04.29-18.38.09:404][  0]LogConfig: Setting CVar [[r.EmitterSpawnRateScale:1.0]]
[2020.04.29-18.38.09:404][  0]LogConfig: Setting CVar [[r.ParticleLightQuality:2]]
[2020.04.29-18.38.09:404][  0]LogConfig: Setting CVar [[r.SkyAtmosphere.AerialPerspectiveLUT.FastApplyOnOpaque:1 ; Always have FastSkyLUT 1 in this case to avoid wrong sky]]
[2020.04.29-18.38.09:404][  0]LogConfig: Setting CVar [[r.SkyAtmosphere.AerialPerspectiveLUT.SampleCountPerSlice:1]]
[2020.04.29-18.38.09:404][  0]LogConfig: Setting CVar [[r.SkyAtmosphere.AerialPerspectiveLUT.DepthResolution:16.0]]
[2020.04.29-18.38.09:404][  0]LogConfig: Setting CVar [[r.SkyAtmosphere.FastSkyLUT:1]]
[2020.04.29-18.38.09:404][  0]LogConfig: Setting CVar [[r.SkyAtmosphere.FastSkyLUT.SampleCountMin:4.0]]
[2020.04.29-18.38.09:404][  0]LogConfig: Setting CVar [[r.SkyAtmosphere.FastSkyLUT.SampleCountMax:32.0]]
[2020.04.29-18.38.09:404][  0]LogConfig: Setting CVar [[r.SkyAtmosphere.SampleCountMin:4.0]]
[2020.04.29-18.38.09:404][  0]LogConfig: Setting CVar [[r.SkyAtmosphere.SampleCountMax:32.0]]
[2020.04.29-18.38.09:404][  0]LogConfig: Setting CVar [[r.SkyAtmosphere.TransmittanceLUT.UseSmallFormat:0]]
[2020.04.29-18.38.09:404][  0]LogConfig: Setting CVar [[r.SkyAtmosphere.TransmittanceLUT.SampleCount:10.0]]
[2020.04.29-18.38.09:404][  0]LogConfig: Setting CVar [[r.SkyAtmosphere.MultiScatteringLUT.SampleCount:15.0]]
[2020.04.29-18.38.09:404][  0]LogConfig: Applying CVar settings from Section [FoliageQuality@3] File [D:/Users/Yash/Desktop/NarangCrossyRoad/Saved/Config/Windows/Scalability.ini]
[2020.04.29-18.38.09:404][  0]LogConfig: Setting CVar [[foliage.DensityScale:1.0]]
[2020.04.29-18.38.09:404][  0]LogConfig: Setting CVar [[grass.DensityScale:1.0]]
[2020.04.29-18.38.09:404][  0]LogConfig: Applying CVar settings from Section [ShadingQuality@3] File [D:/Users/Yash/Desktop/NarangCrossyRoad/Saved/Config/Windows/Scalability.ini]
[2020.04.29-18.38.09:404][  0]LogConfig: Setting CVar [[r.HairStrands.SkyLighting.SampleCount:16]]
[2020.04.29-18.38.09:404][  0]LogConfig: Setting CVar [[r.HairStrands.SkyLighting.JitterIntegration:0]]
[2020.04.29-18.38.09:404][  0]LogConfig: Setting CVar [[r.HairStrands.SkyAO.SampleCount:16]]
[2020.04.29-18.38.09:404][  0]LogConfig: Applying CVar settings from Section [Startup] File [../../../Engine/Config/ConsoleVariables.ini]
[2020.04.29-18.38.09:404][  0]LogConfig: Setting CVar [[net.UseAdaptiveNetUpdateFrequency:0]]
[2020.04.29-18.38.09:404][  0]LogConfig: Setting CVar [[p.chaos.AllowCreatePhysxBodies:1]]
[2020.04.29-18.38.09:404][  0]LogConfig: Applying CVar settings from Section [ConsoleVariables] File [D:/Users/Yash/Desktop/NarangCrossyRoad/Saved/Config/Windows/Engine.ini]
[2020.04.29-18.38.09:404][  0]LogInit: Computer: MSI
[2020.04.29-18.38.09:404][  0]LogInit: User: Yash
[2020.04.29-18.38.09:404][  0]LogInit: CPU Page size=4096, Cores=6
[2020.04.29-18.38.09:404][  0]LogInit: High frequency timer resolution =10.000000 MHz
[2020.04.29-18.38.09:405][  0]LogMemory: Memory total: Physical=15.8GB (16GB approx)
[2020.04.29-18.38.09:405][  0]LogMemory: Platform Memory Stats for Windows
[2020.04.29-18.38.09:405][  0]LogMemory: Process Physical Memory: 105.35 MB used, 105.35 MB peak
[2020.04.29-18.38.09:405][  0]LogMemory: Process Virtual Memory: 101.66 MB used, 101.66 MB peak
[2020.04.29-18.38.09:405][  0]LogMemory: Physical Memory: 5526.37 MB used,  10703.84 MB free, 16230.21 MB total
[2020.04.29-18.38.09:405][  0]LogMemory: Virtual Memory: 5159.24 MB used,  134212568.00 MB free, 134217728.00 MB total
[2020.04.29-18.38.09:627][  0]LogWindows: WindowsPlatformFeatures enabled
[2020.04.29-18.38.09:641][  0]LogInit: Using OS detected language (en-US).
[2020.04.29-18.38.09:641][  0]LogInit: Using OS detected locale (en-US).
[2020.04.29-18.38.09:641][  0]LogTextLocalizationManager: No specific localization for 'en-US' exists, so the 'en' localization will be used.
[2020.04.29-18.38.09:771][  0]LogInit: Setting process to per monitor DPI aware
[2020.04.29-18.38.09:797][  0]LogSlate: New Slate User Created.  User Index 0, Is Virtual User: 0
[2020.04.29-18.38.09:797][  0]LogSlate: Slate User Registered.  User Index 0, Is Virtual User: 0
[2020.04.29-18.38.09:917][  0]LogHMD: Failed to initialize OpenVR with code 110
[2020.04.29-18.38.09:917][  0]LogD3D11RHI: D3D11 min allowed feature level: 11_0
[2020.04.29-18.38.09:917][  0]LogD3D11RHI: D3D11 max allowed feature level: 11_0
[2020.04.29-18.38.09:917][  0]LogD3D11RHI: D3D11 adapters:
[2020.04.29-18.38.09:987][  0]LogD3D11RHI:    0. 'NVIDIA GeForce GTX 1050 Ti' (Feature Level 11_0)
[2020.04.29-18.38.09:987][  0]LogD3D11RHI:       4021/0/8115 MB DedicatedVideo/DedicatedSystem/SharedSystem, Outputs:1, VendorId:0x10de
[2020.04.29-18.38.10:002][  0]LogD3D11RHI:    1. 'Intel(R) UHD Graphics 630' (Feature Level 11_0)
[2020.04.29-18.38.10:002][  0]LogD3D11RHI:       128/0/8115 MB DedicatedVideo/DedicatedSystem/SharedSystem, Outputs:0, VendorId:0x8086
[2020.04.29-18.38.10:005][  0]LogD3D11RHI:    2. 'Microsoft Basic Render Driver' (Feature Level 11_0)
[2020.04.29-18.38.10:005][  0]LogD3D11RHI:       0/0/8115 MB DedicatedVideo/DedicatedSystem/SharedSystem, Outputs:0, VendorId:0x1414
[2020.04.29-18.38.10:005][  0]LogD3D11RHI: Chosen D3D11 Adapter: 0
[2020.04.29-18.38.10:035][  0]LogD3D11RHI: Creating new Direct3DDevice
[2020.04.29-18.38.10:035][  0]LogD3D11RHI:     GPU DeviceId: 0x1c8c (for the marketing name, search the web for "GPU Device Id")
[2020.04.29-18.38.10:035][  0]LogWindows: EnumDisplayDevices:
[2020.04.29-18.38.10:035][  0]LogWindows:    0. 'Intel(R) UHD Graphics 630' (P:1 D:1)
[2020.04.29-18.38.10:036][  0]LogWindows:    1. 'Intel(R) UHD Graphics 630' (P:0 D:0)
[2020.04.29-18.38.10:036][  0]LogWindows:    2. 'Intel(R) UHD Graphics 630' (P:0 D:0)
[2020.04.29-18.38.10:036][  0]LogWindows: DebugString: PrimaryIsNotTheChoosenAdapter PrimaryIsNotTheChoosenAdapter PrimaryIsNotTheChoosenAdapter FoundDriverCount:0 
[2020.04.29-18.38.10:036][  0]LogD3D11RHI:     Adapter Name: NVIDIA GeForce GTX 1050 Ti
[2020.04.29-18.38.10:036][  0]LogD3D11RHI:   Driver Version: Unknown (internal:Unknown, unified:Unknown)
[2020.04.29-18.38.10:036][  0]LogD3D11RHI:      Driver Date: Unknown
[2020.04.29-18.38.10:036][  0]LogRHI: Texture pool is 2814 MB (70% of 4021 MB)
[2020.04.29-18.38.10:072][  0]LogD3D11RHI: RHI has support for 64 bit atomics
[2020.04.29-18.38.10:072][  0]LogD3D11RHI: Async texture creation enabled
[2020.04.29-18.38.10:092][  0]LogD3D11RHI: GPU Timing Frequency: 1000.000000 (Debug: 2 1)
[2020.04.29-18.38.10:341][  0]LogTargetPlatformManager: Display: Loaded TargetPlatform 'AllDesktop'
[2020.04.29-18.38.10:369][  0]LogTargetPlatformManager: Display: Loaded TargetPlatform 'Android'
[2020.04.29-18.38.10:369][  0]LogTargetPlatformManager: Display: Loaded TargetPlatform 'Android_ASTC'
[2020.04.29-18.38.10:369][  0]LogTargetPlatformManager: Display: Loaded TargetPlatform 'Android_ATC'
[2020.04.29-18.38.10:369][  0]LogTargetPlatformManager: Display: Loaded TargetPlatform 'Android_DXT'
[2020.04.29-18.38.10:369][  0]LogTargetPlatformManager: Display: Loaded TargetPlatform 'Android_ETC1'
[2020.04.29-18.38.10:369][  0]LogTargetPlatformManager: Display: Loaded TargetPlatform 'Android_ETC1a'
[2020.04.29-18.38.10:369][  0]LogTargetPlatformManager: Display: Loaded TargetPlatform 'Android_ETC2'
[2020.04.29-18.38.10:369][  0]LogTargetPlatformManager: Display: Loaded TargetPlatform 'Android_PVRTC'
[2020.04.29-18.38.10:369][  0]LogTargetPlatformManager: Display: Loaded TargetPlatform 'AndroidClient'
[2020.04.29-18.38.10:369][  0]LogTargetPlatformManager: Display: Loaded TargetPlatform 'Android_ASTCClient'
[2020.04.29-18.38.10:369][  0]LogTargetPlatformManager: Display: Loaded TargetPlatform 'Android_ATCClient'
[2020.04.29-18.38.10:369][  0]LogTargetPlatformManager: Display: Loaded TargetPlatform 'Android_DXTClient'
[2020.04.29-18.38.10:369][  0]LogTargetPlatformManager: Display: Loaded TargetPlatform 'Android_ETC1Client'
[2020.04.29-18.38.10:369][  0]LogTargetPlatformManager: Display: Loaded TargetPlatform 'Android_ETC1aClient'
[2020.04.29-18.38.10:369][  0]LogTargetPlatformManager: Display: Loaded TargetPlatform 'Android_ETC2Client'
[2020.04.29-18.38.10:369][  0]LogTargetPlatformManager: Display: Loaded TargetPlatform 'Android_PVRTCClient'
[2020.04.29-18.38.10:369][  0]LogTargetPlatformManager: Display: Loaded TargetPlatform 'Android_Multi'
[2020.04.29-18.38.10:369][  0]LogTargetPlatformManager: Display: Loaded TargetPlatform 'Android_MultiClient'
[2020.04.29-18.38.10:384][  0]LogTargetPlatformManager: Display: Loaded TargetPlatform 'IOSClient'
[2020.04.29-18.38.10:384][  0]LogTargetPlatformManager: Display: Loaded TargetPlatform 'IOS'
[2020.04.29-18.38.10:389][  0]LogTargetPlatformManager: Display: Loaded TargetPlatform 'LinuxNoEditor'
[2020.04.29-18.38.10:395][  0]LogTargetPlatformManager: Display: Loaded TargetPlatform 'LinuxClient'
[2020.04.29-18.38.10:401][  0]LogTargetPlatformManager: Display: Loaded TargetPlatform 'LinuxServer'
[2020.04.29-18.38.10:405][  0]LogTargetPlatformManager: Display: Loaded TargetPlatform 'LinuxAArch64NoEditor'
[2020.04.29-18.38.10:412][  0]LogTargetPlatformManager: Display: Loaded TargetPlatform 'LinuxAArch64Client'
[2020.04.29-18.38.10:418][  0]LogTargetPlatformManager: Display: Loaded TargetPlatform 'LinuxAArch64Server'
[2020.04.29-18.38.10:435][  0]LogTargetPlatformManager: Display: Loaded TargetPlatform 'Lumin'
[2020.04.29-18.38.10:435][  0]LogTargetPlatformManager: Display: Loaded TargetPlatform 'LuminClient'
[2020.04.29-18.38.10:445][  0]LogTargetPlatformManager: Display: Loaded TargetPlatform 'TVOSClient'
[2020.04.29-18.38.10:445][  0]LogTargetPlatformManager: Display: Loaded TargetPlatform 'TVOS'
[2020.04.29-18.38.10:451][  0]LogTargetPlatformManager: Display: Loaded TargetPlatform 'WindowsNoEditor'
[2020.04.29-18.38.10:457][  0]LogTargetPlatformManager: Display: Loaded TargetPlatform 'Windows'
[2020.04.29-18.38.10:462][  0]LogTargetPlatformManager: Display: Loaded TargetPlatform 'WindowsClient'
[2020.04.29-18.38.10:467][  0]LogTargetPlatformManager: Display: Loaded TargetPlatform 'WindowsServer'
[2020.04.29-18.38.10:467][  0]LogTargetPlatformManager: Display: Building Assets For Windows
[2020.04.29-18.38.10:469][  0]LogAudioDebug: Display: Lib vorbis DLL was dynamically loaded.
[2020.04.29-18.38.10:483][  0]LogShaderCompilers: Guid format shader working directory is -8 characters bigger than the processId version (../../../../../../Users/Yash/Desktop/NarangCrossyRoad/Intermediate/Shaders/WorkingDirectory/8288/).
[2020.04.29-18.38.10:484][  0]LogShaderCompilers: Cleaned the shader compiler working directory 'C:/Users/Yash/AppData/Local/Temp/UnrealShaderWorkingDir/ECA82AEB4A3575E3EFA5EBAFB8745C95/'.
[2020.04.29-18.38.10:484][  0]LogXGEController: Cannot use XGE Controller as Incredibuild is not installed on this machine.
[2020.04.29-18.38.10:484][  0]LogShaderCompilers: Cannot use XGE Shader Compiler as Incredibuild is not installed on this machine.
[2020.04.29-18.38.10:484][  0]LogShaderCompilers: Display: Using Local Shader Compiler.
[2020.04.29-18.38.11:076][  0]LogDerivedDataCache: Display: Max Cache Size: 512 MB
[2020.04.29-18.38.11:121][  0]LogDerivedDataCache: Loaded boot cache 0.04s 78MB C:/Users/Yash/AppData/Local/UnrealEngine/4.24/DerivedDataCache/Boot.ddc.
[2020.04.29-18.38.11:121][  0]LogDerivedDataCache: Display: Loaded Boot cache: C:/Users/Yash/AppData/Local/UnrealEngine/4.24/DerivedDataCache/Boot.ddc
[2020.04.29-18.38.11:121][  0]LogDerivedDataCache: FDerivedDataBackendGraph:  Pak pak cache file ../../../../../../Users/Yash/Desktop/NarangCrossyRoad/DerivedDataCache/DDC.ddp not found, will not use a pak cache.
[2020.04.29-18.38.11:121][  0]LogDerivedDataCache: Unable to find inner node Pak for hierarchical cache Hierarchy.
[2020.04.29-18.38.11:121][  0]LogDerivedDataCache: FDerivedDataBackendGraph:  CompressedPak pak cache file ../../../../../../Users/Yash/Desktop/NarangCrossyRoad/DerivedDataCache/Compressed.ddp not found, will not use a pak cache.
[2020.04.29-18.38.11:121][  0]LogDerivedDataCache: Unable to find inner node CompressedPak for hierarchical cache Hierarchy.
[2020.04.29-18.38.11:130][  0]LogDerivedDataCache: Display: Pak cache opened for reading ../../../Engine/DerivedDataCache/Compressed.ddp.
[2020.04.29-18.38.11:130][  0]LogDerivedDataCache: FDerivedDataBackendGraph:  EnterprisePak pak cache file ../../../Enterprise/DerivedDataCache/Compressed.ddp not found, will not use a pak cache.
[2020.04.29-18.38.11:130][  0]LogDerivedDataCache: Unable to find inner node EnterprisePak for hierarchical cache Hierarchy.
[2020.04.29-18.38.11:131][  0]LogDerivedDataCache: Using Local data cache path C:/Users/Yash/AppData/Local/UnrealEngine/Common/DerivedDataCache: Writable
[2020.04.29-18.38.11:131][  0]LogDerivedDataCache: Shared data cache path not found in *engine.ini, will not use an Shared cache.
[2020.04.29-18.38.11:131][  0]LogDerivedDataCache: Unable to find inner node Shared for hierarchical cache Hierarchy.
[2020.04.29-18.38.11:152][  0]LogMaterial: Verifying Global Shaders for PCD3D_SM5
[2020.04.29-18.38.11:154][  0]LogSlate: Using FreeType 2.10.0
[2020.04.29-18.38.11:154][  0]LogSlate: SlateFontServices - WITH_FREETYPE: 1, WITH_HARFBUZZ: 1
[2020.04.29-18.38.11:193][  0]LogAssetRegistry: FAssetRegistry took 0.0020 seconds to start up
[2020.04.29-18.38.11:428][  0]LogInit: Selected Device Profile: [Windows]
[2020.04.29-18.38.11:553][  0]LogMeshReduction: Using QuadricMeshReduction for automatic static mesh reduction
[2020.04.29-18.38.11:553][  0]LogMeshReduction: Using SimplygonMeshReduction for automatic skeletal mesh reduction
[2020.04.29-18.38.11:553][  0]LogMeshReduction: Using ProxyLODMeshReduction for automatic mesh merging
[2020.04.29-18.38.11:553][  0]LogMeshReduction: No distributed automatic mesh merging module available
[2020.04.29-18.38.11:553][  0]LogMeshMerging: No distributed automatic mesh merging module available
[2020.04.29-18.38.11:562][  0]LogNetVersion: NarangCrossyRoad 1.0.0, NetCL: 10570792, EngineNetVer: 13, GameNetVer: 0 (Checksum: 2178693170)
[2020.04.29-18.38.12:350][  0]LogPackageLocalizationCache: Processed 10 localized package path(s) for 1 prioritized culture(s) in 0.030597 seconds
[2020.04.29-18.38.12:356][  0]LogUObjectArray: 46750 objects as part of root set at end of initial load.
[2020.04.29-18.38.12:356][  0]LogUObjectAllocator: 8137160 out of 0 bytes used by permanent object pool.
[2020.04.29-18.38.12:356][  0]LogUObjectArray: CloseDisregardForGC: 0/0 objects in disregard for GC pool
[2020.04.29-18.38.12:657][  0]LogTcpMessaging: Initializing TcpMessaging bridge
[2020.04.29-18.38.12:659][  0]LogUdpMessaging: Initializing bridge on interface 0.0.0.0:0 to multicast group 230.0.0.1:6666.
[2020.04.29-18.38.12:694][  0]SourceControl: Source control is disabled
[2020.04.29-18.38.12:695][  0]SourceControl: Source control is disabled
[2020.04.29-18.38.12:695][  0]SourceControl: Source control is disabled
[2020.04.29-18.38.12:696][  0]SourceControl: Source control is disabled
[2020.04.29-18.38.12:696][  0]SourceControl: Source control is disabled
[2020.04.29-18.38.12:752][  0]LogAndroidPermission: UAndroidPermissionCallbackProxy::GetInstance
[2020.04.29-18.38.12:759][  0]LogAudioCaptureCore: Display: No Audio Capture implementations found. Audio input will be silent.
[2020.04.29-18.38.12:759][  0]LogAudioCaptureCore: Display: No Audio Capture implementations found. Audio input will be silent.
[2020.04.29-18.38.12:825][  0]LogOcInput: OculusInput pre-init called
[2020.04.29-18.38.12:830][  0]LogWindows: Failed to load 'OVRPlugin.dll' (GetLastError=126)
[2020.04.29-18.38.12:830][  0]LogWindows: File 'OVRPlugin.dll' does not exist
[2020.04.29-18.38.12:884][  0]LogEngine: Initializing Engine...
[2020.04.29-18.38.12:885][  0]LogHMD: Failed to initialize OpenVR with code 110
[2020.04.29-18.38.12:886][  0]LogStats: UGameplayTagsManager::InitializeManager -  0.000 s
[2020.04.29-18.38.13:155][  0]LogInit: Initializing FReadOnlyCVARCache
[2020.04.29-18.38.13:159][  0]LogAIModule: Creating AISystem for world Untitled
[2020.04.29-18.38.13:177][  0]LogAudioMixer: Display: Audio Mixer Platform Settings:
[2020.04.29-18.38.13:177][  0]LogAudioMixer: Display: 	Sample Rate:						  48000
[2020.04.29-18.38.13:177][  0]LogAudioMixer: Display: 	Callback Buffer Frame Size Requested: 1024
[2020.04.29-18.38.13:177][  0]LogAudioMixer: Display: 	Callback Buffer Frame Size To Use:	  1024
[2020.04.29-18.38.13:177][  0]LogAudioMixer: Display: 	Number of buffers to queue:			  2
[2020.04.29-18.38.13:177][  0]LogAudioMixer: Display: 	Max Channels (voices):				  32
[2020.04.29-18.38.13:177][  0]LogAudioMixer: Display: 	Number of Async Source Workers:		  0
[2020.04.29-18.38.13:177][  0]LogAudio: Display: AudioDevice MaxSources: 32
[2020.04.29-18.38.13:177][  0]LogAudio: Display: Using built-in audio occlusion.
[2020.04.29-18.38.13:177][  0]LogAudioMixer: Display: Initializing audio mixer.
[2020.04.29-18.38.13:268][  0]LogAudioMixer: Display: Audio Device Output Speaker Info:
[2020.04.29-18.38.13:268][  0]LogAudioMixer: Display: Name: Speakers (Realtek(R) Audio)
[2020.04.29-18.38.13:268][  0]LogAudioMixer: Display: Is Default: Yes
[2020.04.29-18.38.13:268][  0]LogAudioMixer: Display: Sample Rate: 48000
[2020.04.29-18.38.13:268][  0]LogAudioMixer: Display: Channel Count Used: 8
[2020.04.29-18.38.13:268][  0]LogAudioMixer: Display: Device Channel Count: 8
[2020.04.29-18.38.13:268][  0]LogAudioMixer: Display: Channel Order:
[2020.04.29-18.38.13:268][  0]LogAudioMixer: Display: 0: FrontLeft
[2020.04.29-18.38.13:268][  0]LogAudioMixer: Display: 1: FrontRight
[2020.04.29-18.38.13:268][  0]LogAudioMixer: Display: 2: FrontCenter
[2020.04.29-18.38.13:268][  0]LogAudioMixer: Display: 3: LowFrequency
[2020.04.29-18.38.13:268][  0]LogAudioMixer: Display: 4: BackLeft
[2020.04.29-18.38.13:268][  0]LogAudioMixer: Display: 5: BackRight
[2020.04.29-18.38.13:268][  0]LogAudioMixer: Display: 6: SideLeft
[2020.04.29-18.38.13:268][  0]LogAudioMixer: Display: 7: SideRight
[2020.04.29-18.38.13:433][  0]LogAudioMixer: Display: Using Audio Device Speakers (Realtek(R) Audio)
[2020.04.29-18.38.13:437][  0]LogInit: FAudioDevice initialized.
[2020.04.29-18.38.13:437][  0]LogNetVersion: Set ProjectVersion to 1.0.0.0. Version Checksum will be recalculated on next use.
[2020.04.29-18.38.13:572][  0]LogDerivedDataCache: Saved boot cache 0.13s 78MB C:/Users/Yash/AppData/Local/UnrealEngine/4.24/DerivedDataCache/Boot.ddc.
[2020.04.29-18.38.13:576][  0]LogInit: Texture streaming: Enabled
[2020.04.29-18.38.13:583][  0]LogEngineSessionManager: EngineSessionManager initialized
[2020.04.29-18.38.13:583][  0]LogEditorSessionSummary: Verbose: Initializing EditorSessionSummaryWriter for editor session tracking
[2020.04.29-18.38.13:584][  0]LogEditorSessionSummary: EditorSessionSummaryWriter initialized
[2020.04.29-18.38.13:623][  0]LogInit: Transaction tracking system initialized
[2020.04.29-18.38.13:630][  0]BlueprintLog: New page: Editor Load
[2020.04.29-18.38.13:650][  0]LocalizationService: Localization service is disabled
[2020.04.29-18.38.13:852][  0]LogFileCache: Scanning file cache for directory 'D:/Users/Yash/Desktop/NarangCrossyRoad/Content/' took 0.00s
[2020.04.29-18.38.13:852][  0]LogCook: Display: Max memory allowance for cook 16384mb min free memory 0mb
[2020.04.29-18.38.13:852][  0]LogCook: Display: Mobile HDR setting 1
[2020.04.29-18.38.14:329][  0]SourceControl: Source control is disabled
[2020.04.29-18.38.14:329][  0]Cmd: MAP LOAD FILE="../../../../../../Users/Yash/Desktop/NarangCrossyRoad/Content/CrossyLevel.umap" TEMPLATE=0 SHOWPROGRESS=1 FEATURELEVEL=3
[2020.04.29-18.38.14:329][  0]LogEditorServer: Warning: Can't find file '../../../../../../Users/Yash/Desktop/NarangCrossyRoad/Content/CrossyLevel.umap'
[2020.04.29-18.38.14:329][  0]Cmd: MAP CHECKDEP NOCLEARLOG
[2020.04.29-18.38.14:329][  0]MapCheck: Map check complete: 0 Error(s), 0 Warning(s), took 0.081ms to complete.
[2020.04.29-18.38.14:329][  0]LogFileHelpers: Loading map 'CrossyLevel' took 0.000
[2020.04.29-18.38.14:452][  0]LogSlate: Updating window title bar state: overlay mode, drag disabled, window buttons hidden, title bar hidden
[2020.04.29-18.38.14:457][  0]LogSlate: Updating window title bar state: overlay mode, drag disabled, window buttons hidden, title bar hidden
[2020.04.29-18.38.14:462][  0]LogSlate: Updating window title bar state: overlay mode, drag disabled, window buttons hidden, title bar hidden
[2020.04.29-18.38.14:468][  0]LogSlate: Updating window title bar state: overlay mode, drag disabled, window buttons hidden, title bar hidden
[2020.04.29-18.38.14:471][  0]LogCollectionManager: Loaded 0 collections in 0.000784 seconds
[2020.04.29-18.38.14:481][  0]LogFileCache: Scanning file cache for directory 'D:/Users/Yash/Desktop/NarangCrossyRoad/Saved/Collections/' took 0.00s
[2020.04.29-18.38.14:481][  0]LogFileCache: Scanning file cache for directory 'D:/Users/Yash/Desktop/NarangCrossyRoad/Content/Developers/Yash/Collections/' took 0.00s
[2020.04.29-18.38.14:481][  0]LogFileCache: Scanning file cache for directory 'D:/Users/Yash/Desktop/NarangCrossyRoad/Content/Collections/' took 0.00s
[2020.04.29-18.38.14:481][  0]LogContentBrowser: Native class hierarchy populated in 0.0067 seconds. Added 3015 classes and 717 folders.
[2020.04.29-18.38.14:482][  0]LogContentBrowser: Native class hierarchy updated for 'WidgetCarousel' in 0.0002 seconds. Added 0 classes and 0 folders.
[2020.04.29-18.38.14:510][  0]LogContentBrowser: Native class hierarchy updated for 'AddContentDialog' in 0.0002 seconds. Added 0 classes and 0 folders.
[2020.04.29-18.38.14:513][  0]LogContentBrowser: Native class hierarchy updated for 'SceneOutliner' in 0.0002 seconds. Added 2 classes and 3 folders.
[2020.04.29-18.38.14:603][  0]LogSlate: Took 0.000100 seconds to synchronously load lazily loaded font '../../../Engine/Content/Slate/Fonts/Roboto-Regular.ttf' (155K)
[2020.04.29-18.38.14:605][  0]LogSlate: Took 0.000115 seconds to synchronously load lazily loaded font '../../../Engine/Content/Slate/Fonts/Roboto-Bold.ttf' (160K)
[2020.04.29-18.38.14:610][  0]LogSlate: Took 0.000098 seconds to synchronously load lazily loaded font '../../../Engine/Content/Editor/Slate/Fonts/FontAwesome.ttf' (139K)
[2020.04.29-18.38.14:677][  0]LogRenderer: Reallocating scene render targets to support 964x432 Format 10 NumSamples 1 (Frame:1).
[2020.04.29-18.38.14:757][  0]LogContentBrowser: Native class hierarchy updated for 'HierarchicalLODOutliner' in 0.0003 seconds. Added 0 classes and 0 folders.
[2020.04.29-18.38.14:757][  0]LogLoad: (Engine Initialization) Total time: 6.05 seconds
[2020.04.29-18.38.14:757][  0]LogLoad: (Engine Initialization) Total Blueprint compile time: 0.00 seconds
[2020.04.29-18.38.14:804][  0]LogAssetRegistry: Asset discovery search completed in 3.6112 seconds
[2020.04.29-18.38.14:809][  0]LogCollectionManager: Fixed up redirectors for 0 collections in 0.000007 seconds (updated 0 objects)
[2020.04.29-18.38.14:919][  0]LogContentStreaming: Texture pool size now 1000 MB
[2020.04.29-18.38.14:931][  0]LogSlate: Took 0.000106 seconds to synchronously load lazily loaded font '../../../Engine/Content/Slate/Fonts/Roboto-Light.ttf' (167K)
[2020.04.29-18.38.31:956][ 12]LogTemp: Repeating last play command: Selected Viewport
[2020.04.29-18.38.31:966][ 12]LogPlayLevel: PlayLevel: No blueprints needed recompiling
[2020.04.29-18.38.31:966][ 12]PIE: New page: PIE session: Untitled_0 (Apr 29, 2020, 4:38:31 AM)
[2020.04.29-18.38.31:967][ 12]LogOnline: OSS: Creating online subsystem instance for: NULL
[2020.04.29-18.38.31:968][ 12]LogOnline: OSS: TryLoadSubsystemAndSetDefault: Loaded subsystem for module [NULL]
[2020.04.29-18.38.31:968][ 12]LogPlayLevel: Creating play world package: /Temp/UEDPIE_0_Untitled_0
[2020.04.29-18.38.31:968][ 12]LogPlayLevel: PIE: StaticDuplicateObject took: (0.000561s)
[2020.04.29-18.38.31:969][ 12]LogAIModule: Creating AISystem for world Untitled
[2020.04.29-18.38.31:969][ 12]LogPlayLevel: PIE: World Init took: (0.000891s)
[2020.04.29-18.38.31:969][ 12]LogPlayLevel: PIE: Created PIE world by copying editor world from /Temp/Untitled_0.Untitled to /Temp/UEDPIE_0_Untitled_0.Untitled (0.001593s)
[2020.04.29-18.38.31:995][ 12]LogUObjectHash: Compacting FUObjectHashTables data took   1.37ms
[2020.04.29-18.38.32:000][ 12]LogAudioMixer: Display: Audio Mixer Platform Settings:
[2020.04.29-18.38.32:000][ 12]LogAudioMixer: Display: 	Sample Rate:						  48000
[2020.04.29-18.38.32:000][ 12]LogAudioMixer: Display: 	Callback Buffer Frame Size Requested: 1024
[2020.04.29-18.38.32:000][ 12]LogAudioMixer: Display: 	Callback Buffer Frame Size To Use:	  1024
[2020.04.29-18.38.32:000][ 12]LogAudioMixer: Display: 	Number of buffers to queue:			  2
[2020.04.29-18.38.32:000][ 12]LogAudioMixer: Display: 	Max Channels (voices):				  32
[2020.04.29-18.38.32:000][ 12]LogAudioMixer: Display: 	Number of Async Source Workers:		  0
[2020.04.29-18.38.32:000][ 12]LogAudio: Display: AudioDevice MaxSources: 32
[2020.04.29-18.38.32:000][ 12]LogAudio: Display: Using built-in audio occlusion.
[2020.04.29-18.38.32:000][ 12]LogAudioMixer: Display: Initializing audio mixer.
[2020.04.29-18.38.32:018][ 12]LogAudioMixer: Display: Audio Device Output Speaker Info:
[2020.04.29-18.38.32:018][ 12]LogAudioMixer: Display: Name: Speakers (Realtek(R) Audio)
[2020.04.29-18.38.32:018][ 12]LogAudioMixer: Display: Is Default: Yes
[2020.04.29-18.38.32:018][ 12]LogAudioMixer: Display: Sample Rate: 48000
[2020.04.29-18.38.32:018][ 12]LogAudioMixer: Display: Channel Count Used: 8
[2020.04.29-18.38.32:018][ 12]LogAudioMixer: Display: Device Channel Count: 8
[2020.04.29-18.38.32:018][ 12]LogAudioMixer: Display: Channel Order:
[2020.04.29-18.38.32:018][ 12]LogAudioMixer: Display: 0: FrontLeft
[2020.04.29-18.38.32:018][ 12]LogAudioMixer: Display: 1: FrontRight
[2020.04.29-18.38.32:018][ 12]LogAudioMixer: Display: 2: FrontCenter
[2020.04.29-18.38.32:018][ 12]LogAudioMixer: Display: 3: LowFrequency
[2020.04.29-18.38.32:018][ 12]LogAudioMixer: Display: 4: BackLeft
[2020.04.29-18.38.32:018][ 12]LogAudioMixer: Display: 5: BackRight
[2020.04.29-18.38.32:018][ 12]LogAudioMixer: Display: 6: SideLeft
[2020.04.29-18.38.32:018][ 12]LogAudioMixer: Display: 7: SideRight
[2020.04.29-18.38.32:024][ 12]LogAudioMixer: Display: Using Audio Device Speakers (Realtek(R) Audio)
[2020.04.29-18.38.32:026][ 12]LogInit: FAudioDevice initialized.
[2020.04.29-18.38.32:034][ 12]LogLoad: Game class is 'GameModeBase'
[2020.04.29-18.38.32:036][ 12]LogWorld: Bringing World /Temp/UEDPIE_0_Untitled_0.Untitled up for play (max tick rate 60) at 2020.04.29-11.38.32
[2020.04.29-18.38.32:036][ 12]LogWorld: Bringing up level for play took: 0.000281
[2020.04.29-18.38.32:036][ 12]LogOnline: OSS: Creating online subsystem instance for: :Context_1
[2020.04.29-18.38.32:038][ 12]LogContentBrowser: Native class hierarchy updated for 'MovieSceneCapture' in 0.0003 seconds. Added 20 classes and 0 folders.
[2020.04.29-18.38.32:039][ 12]PIE: Play in editor start time for /Temp/UEDPIE_0_Untitled_0 0.146
[2020.04.29-18.38.33:550][ 99]LogAudioMixer: Display: No commands were queued while flushing the source manager.
[2020.04.29-18.38.33:550][ 99]LogAudioMixer: Display: No commands were queued while flushing the source manager.
[2020.04.29-18.38.33:551][ 99]LogSlate: Updating window title bar state: overlay mode, drag disabled, window buttons hidden, title bar hidden
[2020.04.29-18.38.33:551][ 99]LogWorld: BeginTearingDown for /Temp/UEDPIE_0_Untitled_0
[2020.04.29-18.38.33:551][ 99]LogAudioMixer: Display: No commands were queued while flushing the source manager.
[2020.04.29-18.38.33:551][ 99]LogWorld: UWorld::CleanupWorld for Untitled, bSessionEnded=true, bCleanupResources=true
[2020.04.29-18.38.33:551][ 99]LogSlate: InvalidateAllWidgets triggered.  All widgets were invalidated
[2020.04.29-18.38.33:555][ 99]LogPlayLevel: Display: Shutting down PIE online subsystems
[2020.04.29-18.38.33:557][ 99]LogSlate: InvalidateAllWidgets triggered.  All widgets were invalidated
[2020.04.29-18.38.33:583][ 99]LogAudioMixer: Display: No commands were queued while flushing the source manager.
[2020.04.29-18.38.33:586][ 99]LogSlate: Updating window title bar state: overlay mode, drag disabled, window buttons hidden, title bar hidden
[2020.04.29-18.38.33:588][ 99]LogUObjectHash: Compacting FUObjectHashTables data took   1.43ms
[2020.04.29-18.38.33:651][103]LogPlayLevel: Display: Destroying online subsystem :Context_1
[2020.04.29-18.38.35:516][213]LogSlate: Took 0.000100 seconds to synchronously load lazily loaded font '../../../Engine/Content/Slate/Fonts/Roboto-Light.ttf' (167K)
[2020.04.29-18.38.35:659][213]LogAIModule: Creating AISystem for world CrossyRoad
[2020.04.29-18.38.35:663][213]LogAssetEditorSubsystem: Opening Asset editor for World /Game/CrossyRoad.CrossyRoad
[2020.04.29-18.38.35:692][213]LogUObjectHash: Compacting FUObjectHashTables data took   1.90ms
[2020.04.29-18.38.35:693][213]Cmd: MAP LOAD FILE="../../../../../../Users/Yash/Desktop/NarangCrossyRoad/Content/CrossyRoad.umap" TEMPLATE=0 SHOWPROGRESS=1 FEATURELEVEL=3
[2020.04.29-18.38.35:693][213]LightingResults: New page: Lighting Build
[2020.04.29-18.38.35:694][213]LogContentBrowser: Native class hierarchy updated for 'StatsViewer' in 0.0002 seconds. Added 5 classes and 0 folders.
[2020.04.29-18.38.35:695][213]LoadErrors: New page: Loading map: CrossyRoad.umap
[2020.04.29-18.38.35:695][213]LogWorld: UWorld::CleanupWorld for Untitled, bSessionEnded=true, bCleanupResources=true
[2020.04.29-18.38.35:695][213]LogSlate: InvalidateAllWidgets triggered.  All widgets were invalidated
[2020.04.29-18.38.35:695][213]MapCheck: New page: Map Check
[2020.04.29-18.38.35:695][213]LightingResults: New page: Lighting Build
[2020.04.29-18.38.35:721][213]LogUObjectHash: Compacting FUObjectHashTables data took   1.44ms
[2020.04.29-18.38.35:780][213]LogEditorServer: Finished looking for orphan Actors (0.000 secs)
[2020.04.29-18.38.35:807][213]LogUObjectHash: Compacting FUObjectHashTables data took   1.39ms
[2020.04.29-18.38.35:826][213]Cmd: MAP CHECKDEP NOCLEARLOG
[2020.04.29-18.38.35:826][213]MapCheck: Map check complete: 0 Error(s), 0 Warning(s), took 0.063ms to complete.
[2020.04.29-18.38.35:826][213]LogFileHelpers: Loading map 'CrossyRoad' took 0.133
[2020.04.29-18.38.42:752][621]LogTemp: Repeating last play command: Selected Viewport
[2020.04.29-18.38.42:762][621]LogPlayLevel: PlayLevel: No blueprints needed recompiling
[2020.04.29-18.38.42:762][621]PIE: New page: PIE session: CrossyRoad (Apr 29, 2020, 4:38:42 AM)
[2020.04.29-18.38.42:762][621]LogPlayLevel: Creating play world package: /Game/UEDPIE_0_CrossyRoad
[2020.04.29-18.38.42:764][621]LogPlayLevel: PIE: StaticDuplicateObject took: (0.001908s)
[2020.04.29-18.38.42:765][621]LogAIModule: Creating AISystem for world CrossyRoad
[2020.04.29-18.38.42:765][621]LogPlayLevel: PIE: World Init took: (0.000911s)
[2020.04.29-18.38.42:765][621]LogPlayLevel: PIE: Created PIE world by copying editor world from /Game/CrossyRoad.CrossyRoad to /Game/UEDPIE_0_CrossyRoad.CrossyRoad (0.002967s)
[2020.04.29-18.38.42:790][621]LogUObjectHash: Compacting FUObjectHashTables data took   1.26ms
[2020.04.29-18.38.42:791][621]LogAudioMixer: Display: Audio Mixer Platform Settings:
[2020.04.29-18.38.42:791][621]LogAudioMixer: Display: 	Sample Rate:						  48000
[2020.04.29-18.38.42:791][621]LogAudioMixer: Display: 	Callback Buffer Frame Size Requested: 1024
[2020.04.29-18.38.42:791][621]LogAudioMixer: Display: 	Callback Buffer Frame Size To Use:	  1024
[2020.04.29-18.38.42:791][621]LogAudioMixer: Display: 	Number of buffers to queue:			  2
[2020.04.29-18.38.42:791][621]LogAudioMixer: Display: 	Max Channels (voices):				  32
[2020.04.29-18.38.42:791][621]LogAudioMixer: Display: 	Number of Async Source Workers:		  0
[2020.04.29-18.38.42:791][621]LogAudio: Display: AudioDevice MaxSources: 32
[2020.04.29-18.38.42:792][621]LogAudio: Display: Using built-in audio occlusion.
[2020.04.29-18.38.42:792][621]LogAudioMixer: Display: Initializing audio mixer.
[2020.04.29-18.38.42:809][621]LogAudioMixer: Display: Audio Device Output Speaker Info:
[2020.04.29-18.38.42:809][621]LogAudioMixer: Display: Name: Speakers (Realtek(R) Audio)
[2020.04.29-18.38.42:809][621]LogAudioMixer: Display: Is Default: Yes
[2020.04.29-18.38.42:809][621]LogAudioMixer: Display: Sample Rate: 48000
[2020.04.29-18.38.42:809][621]LogAudioMixer: Display: Channel Count Used: 8
[2020.04.29-18.38.42:809][621]LogAudioMixer: Display: Device Channel Count: 8
[2020.04.29-18.38.42:809][621]LogAudioMixer: Display: Channel Order:
[2020.04.29-18.38.42:809][621]LogAudioMixer: Display: 0: FrontLeft
[2020.04.29-18.38.42:809][621]LogAudioMixer: Display: 1: FrontRight
[2020.04.29-18.38.42:809][621]LogAudioMixer: Display: 2: FrontCenter
[2020.04.29-18.38.42:809][621]LogAudioMixer: Display: 3: LowFrequency
[2020.04.29-18.38.42:809][621]LogAudioMixer: Display: 4: BackLeft
[2020.04.29-18.38.42:809][621]LogAudioMixer: Display: 5: BackRight
[2020.04.29-18.38.42:809][621]LogAudioMixer: Display: 6: SideLeft
[2020.04.29-18.38.42:809][621]LogAudioMixer: Display: 7: SideRight
[2020.04.29-18.38.42:816][621]LogAudioMixer: Display: Using Audio Device Speakers (Realtek(R) Audio)
[2020.04.29-18.38.42:817][621]LogInit: FAudioDevice initialized.
[2020.04.29-18.38.42:825][621]LogLoad: Game class is 'GM_CrossyRoads_C'
[2020.04.29-18.38.42:827][621]LogWorld: Bringing World /Game/UEDPIE_0_CrossyRoad.CrossyRoad up for play (max tick rate 60) at 2020.04.29-11.38.42
[2020.04.29-18.38.42:827][621]LogWorld: Bringing up level for play took: 0.000422
[2020.04.29-18.38.42:827][621]LogOnline: OSS: Creating online subsystem instance for: :Context_2
[2020.04.29-18.38.42:829][621]PIE: Play in editor start time for /Game/UEDPIE_0_CrossyRoad 0.936
[2020.04.29-18.38.59:262][502]LogAudioMixer: Display: No commands were queued while flushing the source manager.
[2020.04.29-18.38.59:262][502]LogAudioMixer: Display: No commands were queued while flushing the source manager.
[2020.04.29-18.38.59:262][502]LogSlate: Updating window title bar state: overlay mode, drag disabled, window buttons hidden, title bar hidden
[2020.04.29-18.38.59:262][502]LogWorld: BeginTearingDown for /Game/UEDPIE_0_CrossyRoad
[2020.04.29-18.38.59:262][502]LogAudioMixer: Display: No commands were queued while flushing the source manager.
[2020.04.29-18.38.59:262][502]LogWorld: UWorld::CleanupWorld for CrossyRoad, bSessionEnded=true, bCleanupResources=true
[2020.04.29-18.38.59:262][502]LogSlate: InvalidateAllWidgets triggered.  All widgets were invalidated
[2020.04.29-18.38.59:270][502]LogPlayLevel: Display: Shutting down PIE online subsystems
[2020.04.29-18.38.59:273][502]LogSlate: InvalidateAllWidgets triggered.  All widgets were invalidated
[2020.04.29-18.38.59:300][502]LogAudioMixer: Display: No commands were queued while flushing the source manager.
[2020.04.29-18.38.59:302][502]LogSlate: Updating window title bar state: overlay mode, drag disabled, window buttons hidden, title bar hidden
[2020.04.29-18.38.59:304][502]LogUObjectHash: Compacting FUObjectHashTables data took   1.43ms
[2020.04.29-18.38.59:376][506]LogPlayLevel: Display: Destroying online subsystem :Context_2
[2020.04.29-18.45.38:581][723]LogTemp: Repeating last play command: Selected Viewport
[2020.04.29-18.45.38:602][723]LogPlayLevel: PlayLevel: No blueprints needed recompiling
[2020.04.29-18.45.38:602][723]PIE: New page: PIE session: CrossyRoad (Apr 29, 2020, 4:45:38 AM)
[2020.04.29-18.45.38:603][723]LogPlayLevel: Creating play world package: /Game/UEDPIE_0_CrossyRoad
[2020.04.29-18.45.38:605][723]LogPlayLevel: PIE: StaticDuplicateObject took: (0.002085s)
[2020.04.29-18.45.38:606][723]LogAIModule: Creating AISystem for world CrossyRoad
[2020.04.29-18.45.38:606][723]LogPlayLevel: PIE: World Init took: (0.000966s)
[2020.04.29-18.45.38:606][723]LogPlayLevel: PIE: Created PIE world by copying editor world from /Game/CrossyRoad.CrossyRoad to /Game/UEDPIE_0_CrossyRoad.CrossyRoad (0.003163s)
[2020.04.29-18.45.38:632][723]LogUObjectHash: Compacting FUObjectHashTables data took   1.32ms
[2020.04.29-18.45.38:633][723]LogAudioMixer: Display: Audio Mixer Platform Settings:
[2020.04.29-18.45.38:633][723]LogAudioMixer: Display: 	Sample Rate:						  48000
[2020.04.29-18.45.38:633][723]LogAudioMixer: Display: 	Callback Buffer Frame Size Requested: 1024
[2020.04.29-18.45.38:633][723]LogAudioMixer: Display: 	Callback Buffer Frame Size To Use:	  1024
[2020.04.29-18.45.38:633][723]LogAudioMixer: Display: 	Number of buffers to queue:			  2
[2020.04.29-18.45.38:633][723]LogAudioMixer: Display: 	Max Channels (voices):				  32
[2020.04.29-18.45.38:633][723]LogAudioMixer: Display: 	Number of Async Source Workers:		  0
[2020.04.29-18.45.38:633][723]LogAudio: Display: AudioDevice MaxSources: 32
[2020.04.29-18.45.38:633][723]LogAudio: Display: Using built-in audio occlusion.
[2020.04.29-18.45.38:633][723]LogAudioMixer: Display: Initializing audio mixer.
[2020.04.29-18.45.38:652][723]LogAudioMixer: Display: Audio Device Output Speaker Info:
[2020.04.29-18.45.38:652][723]LogAudioMixer: Display: Name: Speakers (Realtek(R) Audio)
[2020.04.29-18.45.38:652][723]LogAudioMixer: Display: Is Default: Yes
[2020.04.29-18.45.38:652][723]LogAudioMixer: Display: Sample Rate: 48000
[2020.04.29-18.45.38:652][723]LogAudioMixer: Display: Channel Count Used: 8
[2020.04.29-18.45.38:652][723]LogAudioMixer: Display: Device Channel Count: 8
[2020.04.29-18.45.38:652][723]LogAudioMixer: Display: Channel Order:
[2020.04.29-18.45.38:652][723]LogAudioMixer: Display: 0: FrontLeft
[2020.04.29-18.45.38:652][723]LogAudioMixer: Display: 1: FrontRight
[2020.04.29-18.45.38:652][723]LogAudioMixer: Display: 2: FrontCenter
[2020.04.29-18.45.38:652][723]LogAudioMixer: Display: 3: LowFrequency
[2020.04.29-18.45.38:652][723]LogAudioMixer: Display: 4: BackLeft
[2020.04.29-18.45.38:652][723]LogAudioMixer: Display: 5: BackRight
[2020.04.29-18.45.38:652][723]LogAudioMixer: Display: 6: SideLeft
[2020.04.29-18.45.38:652][723]LogAudioMixer: Display: 7: SideRight
[2020.04.29-18.45.38:659][723]LogAudioMixer: Display: Using Audio Device Speakers (Realtek(R) Audio)
[2020.04.29-18.45.38:661][723]LogInit: FAudioDevice initialized.
[2020.04.29-18.45.38:671][723]LogLoad: Game class is 'GM_CrossyRoads_C'
[2020.04.29-18.45.38:672][723]LogWorld: Bringing World /Game/UEDPIE_0_CrossyRoad.CrossyRoad up for play (max tick rate 60) at 2020.04.29-11.45.38
[2020.04.29-18.45.38:672][723]LogWorld: Bringing up level for play took: 0.000474
[2020.04.29-18.45.38:673][723]LogOnline: OSS: Creating online subsystem instance for: :Context_3
[2020.04.29-18.45.38:675][723]PIE: Play in editor start time for /Game/UEDPIE_0_CrossyRoad 0.782
[2020.04.29-18.45.57:478][850]LogAudioMixer: Display: No commands were queued while flushing the source manager.
[2020.04.29-18.45.57:493][850]LogAudioMixer: Display: Flush succeeded in the source manager command queue (1).
[2020.04.29-18.45.57:512][850]LogAudioMixer: Display: Flush succeeded the source manager command queue (2).
[2020.04.29-18.45.57:513][850]LogSlate: Updating window title bar state: overlay mode, drag disabled, window buttons hidden, title bar hidden
[2020.04.29-18.45.57:513][850]LogWorld: BeginTearingDown for /Game/UEDPIE_0_CrossyRoad
[2020.04.29-18.45.57:513][850]LogAudioMixer: Display: No commands were queued while flushing the source manager.
[2020.04.29-18.45.57:513][850]LogWorld: UWorld::CleanupWorld for CrossyRoad, bSessionEnded=true, bCleanupResources=true
[2020.04.29-18.45.57:513][850]LogSlate: InvalidateAllWidgets triggered.  All widgets were invalidated
[2020.04.29-18.45.57:517][850]LogPlayLevel: Display: Shutting down PIE online subsystems
[2020.04.29-18.45.57:520][850]LogSlate: InvalidateAllWidgets triggered.  All widgets were invalidated
[2020.04.29-18.45.57:545][850]LogAudioMixer: Display: No commands were queued while flushing the source manager.
[2020.04.29-18.45.57:547][850]LogSlate: Updating window title bar state: overlay mode, drag disabled, window buttons hidden, title bar hidden
[2020.04.29-18.45.57:550][850]LogUObjectHash: Compacting FUObjectHashTables data took   1.30ms
[2020.04.29-18.45.57:585][852]LogPlayLevel: Display: Destroying online subsystem :Context_3
[2020.04.29-18.46.24:026][438]LogTemp: Repeating last play command: Selected Viewport
[2020.04.29-18.46.24:037][438]LogPlayLevel: PlayLevel: No blueprints needed recompiling
[2020.04.29-18.46.24:037][438]PIE: New page: PIE session: CrossyRoad (Apr 29, 2020, 4:46:24 AM)
[2020.04.29-18.46.24:037][438]LogPlayLevel: Creating play world package: /Game/UEDPIE_0_CrossyRoad
[2020.04.29-18.46.24:039][438]LogPlayLevel: PIE: StaticDuplicateObject took: (0.001694s)
[2020.04.29-18.46.24:040][438]LogAIModule: Creating AISystem for world CrossyRoad
[2020.04.29-18.46.24:040][438]LogPlayLevel: PIE: World Init took: (0.000817s)
[2020.04.29-18.46.24:040][438]LogPlayLevel: PIE: Created PIE world by copying editor world from /Game/CrossyRoad.CrossyRoad to /Game/UEDPIE_0_CrossyRoad.CrossyRoad (0.002607s)
[2020.04.29-18.46.24:066][438]LogUObjectHash: Compacting FUObjectHashTables data took   1.33ms
[2020.04.29-18.46.24:067][438]LogAudioMixer: Display: Audio Mixer Platform Settings:
[2020.04.29-18.46.24:067][438]LogAudioMixer: Display: 	Sample Rate:						  48000
[2020.04.29-18.46.24:067][438]LogAudioMixer: Display: 	Callback Buffer Frame Size Requested: 1024
[2020.04.29-18.46.24:067][438]LogAudioMixer: Display: 	Callback Buffer Frame Size To Use:	  1024
[2020.04.29-18.46.24:067][438]LogAudioMixer: Display: 	Number of buffers to queue:			  2
[2020.04.29-18.46.24:067][438]LogAudioMixer: Display: 	Max Channels (voices):				  32
[2020.04.29-18.46.24:067][438]LogAudioMixer: Display: 	Number of Async Source Workers:		  0
[2020.04.29-18.46.24:067][438]LogAudio: Display: AudioDevice MaxSources: 32
[2020.04.29-18.46.24:067][438]LogAudio: Display: Using built-in audio occlusion.
[2020.04.29-18.46.24:067][438]LogAudioMixer: Display: Initializing audio mixer.
[2020.04.29-18.46.24:086][438]LogAudioMixer: Display: Audio Device Output Speaker Info:
[2020.04.29-18.46.24:086][438]LogAudioMixer: Display: Name: Speakers (Realtek(R) Audio)
[2020.04.29-18.46.24:086][438]LogAudioMixer: Display: Is Default: Yes
[2020.04.29-18.46.24:086][438]LogAudioMixer: Display: Sample Rate: 48000
[2020.04.29-18.46.24:086][438]LogAudioMixer: Display: Channel Count Used: 8
[2020.04.29-18.46.24:086][438]LogAudioMixer: Display: Device Channel Count: 8
[2020.04.29-18.46.24:086][438]LogAudioMixer: Display: Channel Order:
[2020.04.29-18.46.24:086][438]LogAudioMixer: Display: 0: FrontLeft
[2020.04.29-18.46.24:086][438]LogAudioMixer: Display: 1: FrontRight
[2020.04.29-18.46.24:086][438]LogAudioMixer: Display: 2: FrontCenter
[2020.04.29-18.46.24:086][438]LogAudioMixer: Display: 3: LowFrequency
[2020.04.29-18.46.24:086][438]LogAudioMixer: Display: 4: BackLeft
[2020.04.29-18.46.24:086][438]LogAudioMixer: Display: 5: BackRight
[2020.04.29-18.46.24:086][438]LogAudioMixer: Display: 6: SideLeft
[2020.04.29-18.46.24:086][438]LogAudioMixer: Display: 7: SideRight
[2020.04.29-18.46.24:093][438]LogAudioMixer: Display: Using Audio Device Speakers (Realtek(R) Audio)
[2020.04.29-18.46.24:094][438]LogInit: FAudioDevice initialized.
[2020.04.29-18.46.24:099][438]LogLoad: Game class is 'GM_CrossyRoads_C'
[2020.04.29-18.46.24:101][438]LogWorld: Bringing World /Game/UEDPIE_0_CrossyRoad.CrossyRoad up for play (max tick rate 60) at 2020.04.29-11.46.24
[2020.04.29-18.46.24:101][438]LogWorld: Bringing up level for play took: 0.000452
[2020.04.29-18.46.24:101][438]LogOnline: OSS: Creating online subsystem instance for: :Context_4
[2020.04.29-18.46.24:103][438]PIE: Play in editor start time for /Game/UEDPIE_0_CrossyRoad 0.21
[2020.04.29-18.46.26:409][574]LogAudioMixer: Display: No commands were queued while flushing the source manager.
[2020.04.29-18.46.26:409][574]LogAudioMixer: Display: No commands were queued while flushing the source manager.
[2020.04.29-18.46.26:409][574]LogSlate: Updating window title bar state: overlay mode, drag disabled, window buttons hidden, title bar hidden
[2020.04.29-18.46.26:409][574]LogWorld: BeginTearingDown for /Game/UEDPIE_0_CrossyRoad
[2020.04.29-18.46.26:409][574]LogAudioMixer: Display: No commands were queued while flushing the source manager.
[2020.04.29-18.46.26:410][574]LogWorld: UWorld::CleanupWorld for CrossyRoad, bSessionEnded=true, bCleanupResources=true
[2020.04.29-18.46.26:410][574]LogSlate: InvalidateAllWidgets triggered.  All widgets were invalidated
[2020.04.29-18.46.26:416][574]LogPlayLevel: Display: Shutting down PIE online subsystems
[2020.04.29-18.46.26:418][574]LogSlate: InvalidateAllWidgets triggered.  All widgets were invalidated
[2020.04.29-18.46.26:443][574]LogAudioMixer: Display: No commands were queued while flushing the source manager.
[2020.04.29-18.46.26:446][574]LogSlate: Updating window title bar state: overlay mode, drag disabled, window buttons hidden, title bar hidden
[2020.04.29-18.46.26:448][574]LogUObjectHash: Compacting FUObjectHashTables data took   1.33ms
[2020.04.29-18.46.26:508][578]LogPlayLevel: Display: Destroying online subsystem :Context_4
[2020.04.29-18.46.28:225][681]LogTemp: Repeating last play command: Selected Viewport
[2020.04.29-18.46.28:236][681]LogPlayLevel: PlayLevel: No blueprints needed recompiling
[2020.04.29-18.46.28:237][681]PIE: New page: PIE session: CrossyRoad (Apr 29, 2020, 4:46:28 AM)
[2020.04.29-18.46.28:237][681]LogPlayLevel: Creating play world package: /Game/UEDPIE_0_CrossyRoad
[2020.04.29-18.46.28:238][681]LogPlayLevel: PIE: StaticDuplicateObject took: (0.001582s)
[2020.04.29-18.46.28:239][681]LogAIModule: Creating AISystem for world CrossyRoad
[2020.04.29-18.46.28:239][681]LogPlayLevel: PIE: World Init took: (0.000794s)
[2020.04.29-18.46.28:239][681]LogPlayLevel: PIE: Created PIE world by copying editor world from /Game/CrossyRoad.CrossyRoad to /Game/UEDPIE_0_CrossyRoad.CrossyRoad (0.002472s)
[2020.04.29-18.46.28:263][681]LogUObjectHash: Compacting FUObjectHashTables data took   1.17ms
[2020.04.29-18.46.28:264][681]LogAudioMixer: Display: Audio Mixer Platform Settings:
[2020.04.29-18.46.28:264][681]LogAudioMixer: Display: 	Sample Rate:						  48000
[2020.04.29-18.46.28:264][681]LogAudioMixer: Display: 	Callback Buffer Frame Size Requested: 1024
[2020.04.29-18.46.28:264][681]LogAudioMixer: Display: 	Callback Buffer Frame Size To Use:	  1024
[2020.04.29-18.46.28:264][681]LogAudioMixer: Display: 	Number of buffers to queue:			  2
[2020.04.29-18.46.28:264][681]LogAudioMixer: Display: 	Max Channels (voices):				  32
[2020.04.29-18.46.28:264][681]LogAudioMixer: Display: 	Number of Async Source Workers:		  0
[2020.04.29-18.46.28:264][681]LogAudio: Display: AudioDevice MaxSources: 32
[2020.04.29-18.46.28:264][681]LogAudio: Display: Using built-in audio occlusion.
[2020.04.29-18.46.28:264][681]LogAudioMixer: Display: Initializing audio mixer.
[2020.04.29-18.46.28:282][681]LogAudioMixer: Display: Audio Device Output Speaker Info:
[2020.04.29-18.46.28:282][681]LogAudioMixer: Display: Name: Speakers (Realtek(R) Audio)
[2020.04.29-18.46.28:282][681]LogAudioMixer: Display: Is Default: Yes
[2020.04.29-18.46.28:282][681]LogAudioMixer: Display: Sample Rate: 48000
[2020.04.29-18.46.28:282][681]LogAudioMixer: Display: Channel Count Used: 8
[2020.04.29-18.46.28:282][681]LogAudioMixer: Display: Device Channel Count: 8
[2020.04.29-18.46.28:282][681]LogAudioMixer: Display: Channel Order:
[2020.04.29-18.46.28:282][681]LogAudioMixer: Display: 0: FrontLeft
[2020.04.29-18.46.28:282][681]LogAudioMixer: Display: 1: FrontRight
[2020.04.29-18.46.28:282][681]LogAudioMixer: Display: 2: FrontCenter
[2020.04.29-18.46.28:282][681]LogAudioMixer: Display: 3: LowFrequency
[2020.04.29-18.46.28:282][681]LogAudioMixer: Display: 4: BackLeft
[2020.04.29-18.46.28:282][681]LogAudioMixer: Display: 5: BackRight
[2020.04.29-18.46.28:282][681]LogAudioMixer: Display: 6: SideLeft
[2020.04.29-18.46.28:282][681]LogAudioMixer: Display: 7: SideRight
[2020.04.29-18.46.28:289][681]LogAudioMixer: Display: Using Audio Device Speakers (Realtek(R) Audio)
[2020.04.29-18.46.28:290][681]LogInit: FAudioDevice initialized.
[2020.04.29-18.46.28:296][681]LogLoad: Game class is 'GM_CrossyRoads_C'
[2020.04.29-18.46.28:297][681]LogWorld: Bringing World /Game/UEDPIE_0_CrossyRoad.CrossyRoad up for play (max tick rate 60) at 2020.04.29-11.46.28
[2020.04.29-18.46.28:298][681]LogWorld: Bringing up level for play took: 0.000425
[2020.04.29-18.46.28:298][681]LogOnline: OSS: Creating online subsystem instance for: :Context_5
[2020.04.29-18.46.28:300][681]PIE: Play in editor start time for /Game/UEDPIE_0_CrossyRoad 0.407
[2020.04.29-18.46.45:704][723]LogAudioMixer: Display: No commands were queued while flushing the source manager.
[2020.04.29-18.46.45:704][723]LogAudioMixer: Display: No commands were queued while flushing the source manager.
[2020.04.29-18.46.45:704][723]LogSlate: Updating window title bar state: overlay mode, drag disabled, window buttons hidden, title bar hidden
[2020.04.29-18.46.45:704][723]LogWorld: BeginTearingDown for /Game/UEDPIE_0_CrossyRoad
[2020.04.29-18.46.45:704][723]LogAudioMixer: Display: No commands were queued while flushing the source manager.
[2020.04.29-18.46.45:704][723]LogWorld: UWorld::CleanupWorld for CrossyRoad, bSessionEnded=true, bCleanupResources=true
[2020.04.29-18.46.45:705][723]LogSlate: InvalidateAllWidgets triggered.  All widgets were invalidated
[2020.04.29-18.46.45:712][723]LogPlayLevel: Display: Shutting down PIE online subsystems
[2020.04.29-18.46.45:715][723]LogSlate: InvalidateAllWidgets triggered.  All widgets were invalidated
[2020.04.29-18.46.45:740][723]LogAudioMixer: Display: No commands were queued while flushing the source manager.
[2020.04.29-18.46.45:742][723]LogSlate: Updating window title bar state: overlay mode, drag disabled, window buttons hidden, title bar hidden
[2020.04.29-18.46.45:744][723]LogUObjectHash: Compacting FUObjectHashTables data took   1.21ms
[2020.04.29-18.46.45:803][727]LogPlayLevel: Display: Destroying online subsystem :Context_5
[2020.04.29-18.50.35:609][480]LogTemp: Repeating last play command: Selected Viewport
[2020.04.29-18.50.35:620][480]LogPlayLevel: PlayLevel: No blueprints needed recompiling
[2020.04.29-18.50.35:620][480]PIE: New page: PIE session: CrossyRoad (Apr 29, 2020, 4:50:35 AM)
[2020.04.29-18.50.35:621][480]LogPlayLevel: Creating play world package: /Game/UEDPIE_0_CrossyRoad
[2020.04.29-18.50.35:622][480]LogPlayLevel: PIE: StaticDuplicateObject took: (0.001777s)
[2020.04.29-18.50.35:623][480]LogAIModule: Creating AISystem for world CrossyRoad
[2020.04.29-18.50.35:623][480]LogPlayLevel: PIE: World Init took: (0.000946s)
[2020.04.29-18.50.35:623][480]LogPlayLevel: PIE: Created PIE world by copying editor world from /Game/CrossyRoad.CrossyRoad to /Game/UEDPIE_0_CrossyRoad.CrossyRoad (0.002823s)
[2020.04.29-18.50.35:648][480]LogUObjectHash: Compacting FUObjectHashTables data took   1.28ms
[2020.04.29-18.50.35:649][480]LogAudioMixer: Display: Audio Mixer Platform Settings:
[2020.04.29-18.50.35:649][480]LogAudioMixer: Display: 	Sample Rate:						  48000
[2020.04.29-18.50.35:649][480]LogAudioMixer: Display: 	Callback Buffer Frame Size Requested: 1024
[2020.04.29-18.50.35:649][480]LogAudioMixer: Display: 	Callback Buffer Frame Size To Use:	  1024
[2020.04.29-18.50.35:649][480]LogAudioMixer: Display: 	Number of buffers to queue:			  2
[2020.04.29-18.50.35:649][480]LogAudioMixer: Display: 	Max Channels (voices):				  32
[2020.04.29-18.50.35:649][480]LogAudioMixer: Display: 	Number of Async Source Workers:		  0
[2020.04.29-18.50.35:649][480]LogAudio: Display: AudioDevice MaxSources: 32
[2020.04.29-18.50.35:649][480]LogAudio: Display: Using built-in audio occlusion.
[2020.04.29-18.50.35:649][480]LogAudioMixer: Display: Initializing audio mixer.
[2020.04.29-18.50.35:669][480]LogAudioMixer: Display: Audio Device Output Speaker Info:
[2020.04.29-18.50.35:669][480]LogAudioMixer: Display: Name: Speakers (Realtek(R) Audio)
[2020.04.29-18.50.35:669][480]LogAudioMixer: Display: Is Default: Yes
[2020.04.29-18.50.35:669][480]LogAudioMixer: Display: Sample Rate: 48000
[2020.04.29-18.50.35:669][480]LogAudioMixer: Display: Channel Count Used: 8
[2020.04.29-18.50.35:669][480]LogAudioMixer: Display: Device Channel Count: 8
[2020.04.29-18.50.35:669][480]LogAudioMixer: Display: Channel Order:
[2020.04.29-18.50.35:669][480]LogAudioMixer: Display: 0: FrontLeft
[2020.04.29-18.50.35:669][480]LogAudioMixer: Display: 1: FrontRight
[2020.04.29-18.50.35:669][480]LogAudioMixer: Display: 2: FrontCenter
[2020.04.29-18.50.35:669][480]LogAudioMixer: Display: 3: LowFrequency
[2020.04.29-18.50.35:669][480]LogAudioMixer: Display: 4: BackLeft
[2020.04.29-18.50.35:669][480]LogAudioMixer: Display: 5: BackRight
[2020.04.29-18.50.35:669][480]LogAudioMixer: Display: 6: SideLeft
[2020.04.29-18.50.35:669][480]LogAudioMixer: Display: 7: SideRight
[2020.04.29-18.50.35:679][480]LogAudioMixer: Display: Using Audio Device Speakers (Realtek(R) Audio)
[2020.04.29-18.50.35:680][480]LogInit: FAudioDevice initialized.
[2020.04.29-18.50.35:686][480]LogLoad: Game class is 'GM_CrossyRoads_C'
[2020.04.29-18.50.35:687][480]LogWorld: Bringing World /Game/UEDPIE_0_CrossyRoad.CrossyRoad up for play (max tick rate 60) at 2020.04.29-11.50.35
[2020.04.29-18.50.35:687][480]LogWorld: Bringing up level for play took: 0.000460
[2020.04.29-18.50.35:687][480]LogOnline: OSS: Creating online subsystem instance for: :Context_6
[2020.04.29-18.50.35:689][480]PIE: Play in editor start time for /Game/UEDPIE_0_CrossyRoad -0.203
[2020.04.29-18.50.39:957][735]LogAudioMixer: Display: No commands were queued while flushing the source manager.
[2020.04.29-18.50.39:957][735]LogAudioMixer: Display: No commands were queued while flushing the source manager.
[2020.04.29-18.50.39:958][735]LogSlate: Updating window title bar state: overlay mode, drag disabled, window buttons hidden, title bar hidden
[2020.04.29-18.50.39:958][735]LogWorld: BeginTearingDown for /Game/UEDPIE_0_CrossyRoad
[2020.04.29-18.50.39:958][735]LogAudioMixer: Display: No commands were queued while flushing the source manager.
[2020.04.29-18.50.39:958][735]LogWorld: UWorld::CleanupWorld for CrossyRoad, bSessionEnded=true, bCleanupResources=true
[2020.04.29-18.50.39:958][735]LogSlate: InvalidateAllWidgets triggered.  All widgets were invalidated
[2020.04.29-18.50.39:964][735]LogPlayLevel: Display: Shutting down PIE online subsystems
[2020.04.29-18.50.39:966][735]LogSlate: InvalidateAllWidgets triggered.  All widgets were invalidated
[2020.04.29-18.50.39:992][735]LogAudioMixer: Display: No commands were queued while flushing the source manager.
[2020.04.29-18.50.39:994][735]LogSlate: Updating window title bar state: overlay mode, drag disabled, window buttons hidden, title bar hidden
[2020.04.29-18.50.39:996][735]LogUObjectHash: Compacting FUObjectHashTables data took   1.15ms
[2020.04.29-18.50.40:061][739]LogPlayLevel: Display: Destroying online subsystem :Context_6
[2020.04.29-18.50.44:310][990]LogAssetEditorSubsystem: Opening Asset editor for Blueprint /Game/Blueprints/BP_Floor.BP_Floor
[2020.04.29-18.50.44:789][990]LogContentBrowser: Native class hierarchy updated for 'BlueprintGraph' in 0.0005 seconds. Added 121 classes and 0 folders.
[2020.04.29-18.50.50:105][249]BlueprintLog: New page: Compile BP_Floor
[2020.04.29-18.50.50:253][249]LogUObjectHash: Compacting FUObjectHashTables data took   2.72ms
[2020.04.29-18.50.53:037][413]LogSlate: Window 'BP_Floor' being destroyed
[2020.04.29-18.50.53:042][413]LogSlate: Window 'BP_Floor' being destroyed
[2020.04.29-18.50.53:052][413]LogWorld: UWorld::CleanupWorld for World_0, bSessionEnded=true, bCleanupResources=true
[2020.04.29-18.50.53:052][413]LogSlate: InvalidateAllWidgets triggered.  All widgets were invalidated
